ARM GAS  /var/folders/j4/zsgv5hks61j070b3g480n1j40000gn/T//ccotP3Mq.s 			page 1


   1              		.cpu cortex-m7
   2              		.arch armv7e-m
   3              		.fpu fpv5-d16
   4              		.eabi_attribute 28, 1
   5              		.eabi_attribute 20, 1
   6              		.eabi_attribute 21, 1
   7              		.eabi_attribute 23, 3
   8              		.eabi_attribute 24, 1
   9              		.eabi_attribute 25, 1
  10              		.eabi_attribute 26, 1
  11              		.eabi_attribute 30, 2
  12              		.eabi_attribute 34, 1
  13              		.eabi_attribute 18, 4
  14              		.file	"DaisyDrone.cpp"
  15              		.text
  16              	.Ltext0:
  17              		.cfi_sections	.debug_frame
  18              		.section	.text._ZN5daisy9DaisySeedD2Ev,"axG",%progbits,_ZN5daisy9DaisySeedD5Ev,comdat
  19              		.align	1
  20              		.p2align 2,,3
  21              		.weak	_ZN5daisy9DaisySeedD2Ev
  22              		.syntax unified
  23              		.thumb
  24              		.thumb_func
  26              	_ZN5daisy9DaisySeedD2Ev:
  27              	.LVL0:
  28              	.LFB2040:
  29              		.file 1 "../../Documents/Daisy/DaisyExamples/libdaisy//src/daisy_seed.h"
   1:../../Documents/Daisy/DaisyExamples/libdaisy//src/daisy_seed.h **** #pragma once
   2:../../Documents/Daisy/DaisyExamples/libdaisy//src/daisy_seed.h **** #ifndef DSY_SEED_H
   3:../../Documents/Daisy/DaisyExamples/libdaisy//src/daisy_seed.h **** #define DSY_SEED_H
   4:../../Documents/Daisy/DaisyExamples/libdaisy//src/daisy_seed.h **** 
   5:../../Documents/Daisy/DaisyExamples/libdaisy//src/daisy_seed.h **** #include "daisy.h"
   6:../../Documents/Daisy/DaisyExamples/libdaisy//src/daisy_seed.h **** 
   7:../../Documents/Daisy/DaisyExamples/libdaisy//src/daisy_seed.h **** //Uncomment this out if you're still using the rev2 hardware
   8:../../Documents/Daisy/DaisyExamples/libdaisy//src/daisy_seed.h **** //#define SEED_REV2
   9:../../Documents/Daisy/DaisyExamples/libdaisy//src/daisy_seed.h **** 
  10:../../Documents/Daisy/DaisyExamples/libdaisy//src/daisy_seed.h **** namespace daisy
  11:../../Documents/Daisy/DaisyExamples/libdaisy//src/daisy_seed.h **** {
  12:../../Documents/Daisy/DaisyExamples/libdaisy//src/daisy_seed.h **** /**
  13:../../Documents/Daisy/DaisyExamples/libdaisy//src/daisy_seed.h ****    @brief This is the higher-level interface for the Daisy board. \n 
  14:../../Documents/Daisy/DaisyExamples/libdaisy//src/daisy_seed.h ****     All basic peripheral configuration/initialization is setup here. \n
  15:../../Documents/Daisy/DaisyExamples/libdaisy//src/daisy_seed.h **** 
  16:../../Documents/Daisy/DaisyExamples/libdaisy//src/daisy_seed.h ****    @ingroup boards
  17:../../Documents/Daisy/DaisyExamples/libdaisy//src/daisy_seed.h **** */
  18:../../Documents/Daisy/DaisyExamples/libdaisy//src/daisy_seed.h **** class DaisySeed
  19:../../Documents/Daisy/DaisyExamples/libdaisy//src/daisy_seed.h **** {
  20:../../Documents/Daisy/DaisyExamples/libdaisy//src/daisy_seed.h ****   public:
  21:../../Documents/Daisy/DaisyExamples/libdaisy//src/daisy_seed.h ****     DaisySeed() {}
  22:../../Documents/Daisy/DaisyExamples/libdaisy//src/daisy_seed.h ****     ~DaisySeed() {}
  30              		.loc 1 22 5 view -0
  31              		.cfi_startproc
  32              		@ args = 0, pretend = 0, frame = 0
  33              		@ frame_needed = 0, uses_anonymous_args = 0
  34              		@ link register save eliminated.
  35              	.LBB72:
  36              	.LBI72:
ARM GAS  /var/folders/j4/zsgv5hks61j070b3g480n1j40000gn/T//ccotP3Mq.s 			page 2


  37              		.file 2 "../../Documents/Daisy/DaisyExamples/libdaisy//src/sys/system.h"
   1:../../Documents/Daisy/DaisyExamples/libdaisy//src/sys/system.h **** #ifndef DSY_SYSTEM_H
   2:../../Documents/Daisy/DaisyExamples/libdaisy//src/sys/system.h **** #define DSY_SYSTEM_H
   3:../../Documents/Daisy/DaisyExamples/libdaisy//src/sys/system.h **** 
   4:../../Documents/Daisy/DaisyExamples/libdaisy//src/sys/system.h **** #ifndef UNIT_TEST // for unit tests, a dummy implementation is provided below
   5:../../Documents/Daisy/DaisyExamples/libdaisy//src/sys/system.h **** 
   6:../../Documents/Daisy/DaisyExamples/libdaisy//src/sys/system.h **** #include <cstdint>
   7:../../Documents/Daisy/DaisyExamples/libdaisy//src/sys/system.h **** #include "per/tim.h"
   8:../../Documents/Daisy/DaisyExamples/libdaisy//src/sys/system.h **** 
   9:../../Documents/Daisy/DaisyExamples/libdaisy//src/sys/system.h **** namespace daisy
  10:../../Documents/Daisy/DaisyExamples/libdaisy//src/sys/system.h **** {
  11:../../Documents/Daisy/DaisyExamples/libdaisy//src/sys/system.h **** /** A handle for interacting with the Core System. 
  12:../../Documents/Daisy/DaisyExamples/libdaisy//src/sys/system.h ****  ** This includes the Clock tree, MPU, global DMA initialization,
  13:../../Documents/Daisy/DaisyExamples/libdaisy//src/sys/system.h ****  ** cache handling, and any other necessary global initiailzation
  14:../../Documents/Daisy/DaisyExamples/libdaisy//src/sys/system.h ****  **
  15:../../Documents/Daisy/DaisyExamples/libdaisy//src/sys/system.h ****  ** @author shensley
  16:../../Documents/Daisy/DaisyExamples/libdaisy//src/sys/system.h ****  ** @addtogroup system
  17:../../Documents/Daisy/DaisyExamples/libdaisy//src/sys/system.h ****  */
  18:../../Documents/Daisy/DaisyExamples/libdaisy//src/sys/system.h **** class System
  19:../../Documents/Daisy/DaisyExamples/libdaisy//src/sys/system.h **** {
  20:../../Documents/Daisy/DaisyExamples/libdaisy//src/sys/system.h ****   public:
  21:../../Documents/Daisy/DaisyExamples/libdaisy//src/sys/system.h ****     /** Contains settings for initializing the System */
  22:../../Documents/Daisy/DaisyExamples/libdaisy//src/sys/system.h ****     struct Config
  23:../../Documents/Daisy/DaisyExamples/libdaisy//src/sys/system.h ****     {
  24:../../Documents/Daisy/DaisyExamples/libdaisy//src/sys/system.h ****         /** Specifies the system clock frequency that feeds APB/AHB clocks, etc. */
  25:../../Documents/Daisy/DaisyExamples/libdaisy//src/sys/system.h ****         enum class SysClkFreq
  26:../../Documents/Daisy/DaisyExamples/libdaisy//src/sys/system.h ****         {
  27:../../Documents/Daisy/DaisyExamples/libdaisy//src/sys/system.h ****             FREQ_400MHZ,
  28:../../Documents/Daisy/DaisyExamples/libdaisy//src/sys/system.h ****             FREQ_480MHZ,
  29:../../Documents/Daisy/DaisyExamples/libdaisy//src/sys/system.h ****         };
  30:../../Documents/Daisy/DaisyExamples/libdaisy//src/sys/system.h **** 
  31:../../Documents/Daisy/DaisyExamples/libdaisy//src/sys/system.h ****         /** Method to call on the struct to set to defaults
  32:../../Documents/Daisy/DaisyExamples/libdaisy//src/sys/system.h ****          ** CPU Freq set to 400MHz
  33:../../Documents/Daisy/DaisyExamples/libdaisy//src/sys/system.h ****          ** Cache Enabled 
  34:../../Documents/Daisy/DaisyExamples/libdaisy//src/sys/system.h ****          ** */
  35:../../Documents/Daisy/DaisyExamples/libdaisy//src/sys/system.h ****         void Defaults()
  36:../../Documents/Daisy/DaisyExamples/libdaisy//src/sys/system.h ****         {
  37:../../Documents/Daisy/DaisyExamples/libdaisy//src/sys/system.h ****             cpu_freq    = SysClkFreq::FREQ_400MHZ;
  38:../../Documents/Daisy/DaisyExamples/libdaisy//src/sys/system.h ****             use_dcache  = true;
  39:../../Documents/Daisy/DaisyExamples/libdaisy//src/sys/system.h ****             use_icache  = true;
  40:../../Documents/Daisy/DaisyExamples/libdaisy//src/sys/system.h ****             skip_clocks = false;
  41:../../Documents/Daisy/DaisyExamples/libdaisy//src/sys/system.h ****         }
  42:../../Documents/Daisy/DaisyExamples/libdaisy//src/sys/system.h **** 
  43:../../Documents/Daisy/DaisyExamples/libdaisy//src/sys/system.h ****         /** Method to call on the struct to set to boost mode:
  44:../../Documents/Daisy/DaisyExamples/libdaisy//src/sys/system.h ****          ** CPU Freq set to 480MHz
  45:../../Documents/Daisy/DaisyExamples/libdaisy//src/sys/system.h ****          ** Cache Enabled 
  46:../../Documents/Daisy/DaisyExamples/libdaisy//src/sys/system.h ****          ** */
  47:../../Documents/Daisy/DaisyExamples/libdaisy//src/sys/system.h ****         void Boost()
  48:../../Documents/Daisy/DaisyExamples/libdaisy//src/sys/system.h ****         {
  49:../../Documents/Daisy/DaisyExamples/libdaisy//src/sys/system.h ****             cpu_freq    = SysClkFreq::FREQ_480MHZ;
  50:../../Documents/Daisy/DaisyExamples/libdaisy//src/sys/system.h ****             use_dcache  = true;
  51:../../Documents/Daisy/DaisyExamples/libdaisy//src/sys/system.h ****             use_icache  = true;
  52:../../Documents/Daisy/DaisyExamples/libdaisy//src/sys/system.h ****             skip_clocks = false;
  53:../../Documents/Daisy/DaisyExamples/libdaisy//src/sys/system.h ****         }
  54:../../Documents/Daisy/DaisyExamples/libdaisy//src/sys/system.h **** 
  55:../../Documents/Daisy/DaisyExamples/libdaisy//src/sys/system.h ****         SysClkFreq cpu_freq;
  56:../../Documents/Daisy/DaisyExamples/libdaisy//src/sys/system.h ****         bool       use_dcache;
ARM GAS  /var/folders/j4/zsgv5hks61j070b3g480n1j40000gn/T//ccotP3Mq.s 			page 3


  57:../../Documents/Daisy/DaisyExamples/libdaisy//src/sys/system.h ****         bool       use_icache;
  58:../../Documents/Daisy/DaisyExamples/libdaisy//src/sys/system.h ****         bool       skip_clocks;
  59:../../Documents/Daisy/DaisyExamples/libdaisy//src/sys/system.h ****     };
  60:../../Documents/Daisy/DaisyExamples/libdaisy//src/sys/system.h **** 
  61:../../Documents/Daisy/DaisyExamples/libdaisy//src/sys/system.h ****     /** Describes the different regions of memory available to the Daisy
  62:../../Documents/Daisy/DaisyExamples/libdaisy//src/sys/system.h ****      * 
  63:../../Documents/Daisy/DaisyExamples/libdaisy//src/sys/system.h ****      */
  64:../../Documents/Daisy/DaisyExamples/libdaisy//src/sys/system.h ****     enum MemoryRegion
  65:../../Documents/Daisy/DaisyExamples/libdaisy//src/sys/system.h ****     {
  66:../../Documents/Daisy/DaisyExamples/libdaisy//src/sys/system.h ****         INTERNAL_FLASH = 0,
  67:../../Documents/Daisy/DaisyExamples/libdaisy//src/sys/system.h ****         ITCMRAM,
  68:../../Documents/Daisy/DaisyExamples/libdaisy//src/sys/system.h ****         DTCMRAM,
  69:../../Documents/Daisy/DaisyExamples/libdaisy//src/sys/system.h ****         SRAM_D1,
  70:../../Documents/Daisy/DaisyExamples/libdaisy//src/sys/system.h ****         SRAM_D2,
  71:../../Documents/Daisy/DaisyExamples/libdaisy//src/sys/system.h ****         SRAM_D3,
  72:../../Documents/Daisy/DaisyExamples/libdaisy//src/sys/system.h ****         SDRAM,
  73:../../Documents/Daisy/DaisyExamples/libdaisy//src/sys/system.h ****         QSPI,
  74:../../Documents/Daisy/DaisyExamples/libdaisy//src/sys/system.h ****         INVALID_ADDRESS,
  75:../../Documents/Daisy/DaisyExamples/libdaisy//src/sys/system.h ****     };
  76:../../Documents/Daisy/DaisyExamples/libdaisy//src/sys/system.h **** 
  77:../../Documents/Daisy/DaisyExamples/libdaisy//src/sys/system.h ****     System() {}
  78:../../Documents/Daisy/DaisyExamples/libdaisy//src/sys/system.h ****     ~System() {}
  38              		.loc 2 78 5 view .LVU1
  39              		.loc 2 78 5 is_stmt 0 view .LVU2
  40              	.LBE72:
  41              	.LBB73:
  42              	.LBI73:
  43              		.file 3 "../../Documents/Daisy/DaisyExamples/libdaisy//src/hid/usb.h"
   1:../../Documents/Daisy/DaisyExamples/libdaisy//src/hid/usb.h **** #pragma once
   2:../../Documents/Daisy/DaisyExamples/libdaisy//src/hid/usb.h **** #ifndef DSY_HID_USB_H
   3:../../Documents/Daisy/DaisyExamples/libdaisy//src/hid/usb.h **** #define DSY_HID_USB_H
   4:../../Documents/Daisy/DaisyExamples/libdaisy//src/hid/usb.h **** #include <stdint.h>
   5:../../Documents/Daisy/DaisyExamples/libdaisy//src/hid/usb.h **** #include <stdlib.h>
   6:../../Documents/Daisy/DaisyExamples/libdaisy//src/hid/usb.h **** 
   7:../../Documents/Daisy/DaisyExamples/libdaisy//src/hid/usb.h **** namespace daisy
   8:../../Documents/Daisy/DaisyExamples/libdaisy//src/hid/usb.h **** /** @addtogroup externals
   9:../../Documents/Daisy/DaisyExamples/libdaisy//src/hid/usb.h ****     @{
  10:../../Documents/Daisy/DaisyExamples/libdaisy//src/hid/usb.h **** */
  11:../../Documents/Daisy/DaisyExamples/libdaisy//src/hid/usb.h **** 
  12:../../Documents/Daisy/DaisyExamples/libdaisy//src/hid/usb.h **** {
  13:../../Documents/Daisy/DaisyExamples/libdaisy//src/hid/usb.h **** /** 
  14:../../Documents/Daisy/DaisyExamples/libdaisy//src/hid/usb.h ****     @brief Interface for initializing and using the USB Peripherals on the daisy
  15:../../Documents/Daisy/DaisyExamples/libdaisy//src/hid/usb.h ****     @author Stephen Hensley
  16:../../Documents/Daisy/DaisyExamples/libdaisy//src/hid/usb.h ****     @date December 2019
  17:../../Documents/Daisy/DaisyExamples/libdaisy//src/hid/usb.h **** */
  18:../../Documents/Daisy/DaisyExamples/libdaisy//src/hid/usb.h **** class UsbHandle
  19:../../Documents/Daisy/DaisyExamples/libdaisy//src/hid/usb.h **** {
  20:../../Documents/Daisy/DaisyExamples/libdaisy//src/hid/usb.h ****   public:
  21:../../Documents/Daisy/DaisyExamples/libdaisy//src/hid/usb.h ****     /** Return values for USBHandle Functions */
  22:../../Documents/Daisy/DaisyExamples/libdaisy//src/hid/usb.h ****     enum class Result
  23:../../Documents/Daisy/DaisyExamples/libdaisy//src/hid/usb.h ****     {
  24:../../Documents/Daisy/DaisyExamples/libdaisy//src/hid/usb.h ****         OK,
  25:../../Documents/Daisy/DaisyExamples/libdaisy//src/hid/usb.h ****         ERR,
  26:../../Documents/Daisy/DaisyExamples/libdaisy//src/hid/usb.h ****     };
  27:../../Documents/Daisy/DaisyExamples/libdaisy//src/hid/usb.h **** 
  28:../../Documents/Daisy/DaisyExamples/libdaisy//src/hid/usb.h ****     /** Specified which of the two USB Peripherals to initialize. */
  29:../../Documents/Daisy/DaisyExamples/libdaisy//src/hid/usb.h ****     enum UsbPeriph
ARM GAS  /var/folders/j4/zsgv5hks61j070b3g480n1j40000gn/T//ccotP3Mq.s 			page 4


  30:../../Documents/Daisy/DaisyExamples/libdaisy//src/hid/usb.h ****     {
  31:../../Documents/Daisy/DaisyExamples/libdaisy//src/hid/usb.h ****         FS_INTERNAL, /**< Internal pin */
  32:../../Documents/Daisy/DaisyExamples/libdaisy//src/hid/usb.h ****         FS_EXTERNAL, /**< FS External D+ pin is Pin 38 (GPIO32). FS External D- pin is Pin 37 (GPIO
  33:../../Documents/Daisy/DaisyExamples/libdaisy//src/hid/usb.h ****         FS_BOTH,     /**< Both */
  34:../../Documents/Daisy/DaisyExamples/libdaisy//src/hid/usb.h ****     };
  35:../../Documents/Daisy/DaisyExamples/libdaisy//src/hid/usb.h **** 
  36:../../Documents/Daisy/DaisyExamples/libdaisy//src/hid/usb.h **** 
  37:../../Documents/Daisy/DaisyExamples/libdaisy//src/hid/usb.h ****     /** Function called upon reception of a buffer */
  38:../../Documents/Daisy/DaisyExamples/libdaisy//src/hid/usb.h ****     typedef void (*ReceiveCallback)(uint8_t* buff, uint32_t* len);
  39:../../Documents/Daisy/DaisyExamples/libdaisy//src/hid/usb.h **** 
  40:../../Documents/Daisy/DaisyExamples/libdaisy//src/hid/usb.h ****     UsbHandle() {}
  41:../../Documents/Daisy/DaisyExamples/libdaisy//src/hid/usb.h **** 
  42:../../Documents/Daisy/DaisyExamples/libdaisy//src/hid/usb.h ****     ~UsbHandle() {}
  44              		.loc 3 42 5 is_stmt 1 view .LVU3
  45              		.loc 3 42 5 is_stmt 0 view .LVU4
  46              	.LBE73:
  47              	.LBB74:
  48              	.LBI74:
  49              		.file 4 "../../Documents/Daisy/DaisyExamples/libdaisy//src/per/adc.h"
   1:../../Documents/Daisy/DaisyExamples/libdaisy//src/per/adc.h **** #pragma once
   2:../../Documents/Daisy/DaisyExamples/libdaisy//src/per/adc.h **** #ifndef DSY_ADC_H
   3:../../Documents/Daisy/DaisyExamples/libdaisy//src/per/adc.h **** #define DSY_ADC_H /**< Macro */
   4:../../Documents/Daisy/DaisyExamples/libdaisy//src/per/adc.h **** #include <stdint.h>
   5:../../Documents/Daisy/DaisyExamples/libdaisy//src/per/adc.h **** #include <stdlib.h>
   6:../../Documents/Daisy/DaisyExamples/libdaisy//src/per/adc.h **** #include "daisy_core.h"
   7:../../Documents/Daisy/DaisyExamples/libdaisy//src/per/adc.h **** #include "per/gpio.h"
   8:../../Documents/Daisy/DaisyExamples/libdaisy//src/per/adc.h **** 
   9:../../Documents/Daisy/DaisyExamples/libdaisy//src/per/adc.h **** #define DSY_ADC_MAX_CHANNELS 16 /**< Maximum number of ADC channels */
  10:../../Documents/Daisy/DaisyExamples/libdaisy//src/per/adc.h **** 
  11:../../Documents/Daisy/DaisyExamples/libdaisy//src/per/adc.h **** namespace daisy
  12:../../Documents/Daisy/DaisyExamples/libdaisy//src/per/adc.h **** {
  13:../../Documents/Daisy/DaisyExamples/libdaisy//src/per/adc.h **** /** @addtogroup analog_digital_conversion
  14:../../Documents/Daisy/DaisyExamples/libdaisy//src/per/adc.h ****     @{
  15:../../Documents/Daisy/DaisyExamples/libdaisy//src/per/adc.h **** */
  16:../../Documents/Daisy/DaisyExamples/libdaisy//src/per/adc.h **** 
  17:../../Documents/Daisy/DaisyExamples/libdaisy//src/per/adc.h **** /* While there may not be many configuration options here,
  18:../../Documents/Daisy/DaisyExamples/libdaisy//src/per/adc.h **** using a struct like this allows us to add more configuration
  19:../../Documents/Daisy/DaisyExamples/libdaisy//src/per/adc.h **** later without breaking existing functionality.
  20:../../Documents/Daisy/DaisyExamples/libdaisy//src/per/adc.h **** */
  21:../../Documents/Daisy/DaisyExamples/libdaisy//src/per/adc.h **** 
  22:../../Documents/Daisy/DaisyExamples/libdaisy//src/per/adc.h **** /** Configuration Structure for a given channel */
  23:../../Documents/Daisy/DaisyExamples/libdaisy//src/per/adc.h **** struct AdcChannelConfig
  24:../../Documents/Daisy/DaisyExamples/libdaisy//src/per/adc.h **** {
  25:../../Documents/Daisy/DaisyExamples/libdaisy//src/per/adc.h ****     /** Which pin to use for multiplexing */
  26:../../Documents/Daisy/DaisyExamples/libdaisy//src/per/adc.h ****     enum MuxPin
  27:../../Documents/Daisy/DaisyExamples/libdaisy//src/per/adc.h ****     {
  28:../../Documents/Daisy/DaisyExamples/libdaisy//src/per/adc.h ****         MUX_SEL_0,    /**< & */
  29:../../Documents/Daisy/DaisyExamples/libdaisy//src/per/adc.h ****         MUX_SEL_1,    /**< & */
  30:../../Documents/Daisy/DaisyExamples/libdaisy//src/per/adc.h ****         MUX_SEL_2,    /**< & */
  31:../../Documents/Daisy/DaisyExamples/libdaisy//src/per/adc.h ****         MUX_SEL_LAST, /**< & */
  32:../../Documents/Daisy/DaisyExamples/libdaisy//src/per/adc.h ****     };
  33:../../Documents/Daisy/DaisyExamples/libdaisy//src/per/adc.h **** 
  34:../../Documents/Daisy/DaisyExamples/libdaisy//src/per/adc.h ****     /** Initializes a single ADC pin as an ADC. 
  35:../../Documents/Daisy/DaisyExamples/libdaisy//src/per/adc.h ****     \param pin Pin to init.
  36:../../Documents/Daisy/DaisyExamples/libdaisy//src/per/adc.h ****      */
  37:../../Documents/Daisy/DaisyExamples/libdaisy//src/per/adc.h ****     void InitSingle(dsy_gpio_pin pin);
  38:../../Documents/Daisy/DaisyExamples/libdaisy//src/per/adc.h **** 
ARM GAS  /var/folders/j4/zsgv5hks61j070b3g480n1j40000gn/T//ccotP3Mq.s 			page 5


  39:../../Documents/Daisy/DaisyExamples/libdaisy//src/per/adc.h ****     /** 
  40:../../Documents/Daisy/DaisyExamples/libdaisy//src/per/adc.h ****     Initializes a single ADC pin as a Multiplexed ADC.
  41:../../Documents/Daisy/DaisyExamples/libdaisy//src/per/adc.h ****     Requires a CD405X Multiplexer connected to the pin.
  42:../../Documents/Daisy/DaisyExamples/libdaisy//src/per/adc.h ****     You only need to supply the mux pins that are required,
  43:../../Documents/Daisy/DaisyExamples/libdaisy//src/per/adc.h ****     e.g. a 4052 mux would only require mux_0 and mux_1.
  44:../../Documents/Daisy/DaisyExamples/libdaisy//src/per/adc.h ****     Internal Callbacks handle the pin addressing.
  45:../../Documents/Daisy/DaisyExamples/libdaisy//src/per/adc.h ****     \param mux_channels must be 1-8
  46:../../Documents/Daisy/DaisyExamples/libdaisy//src/per/adc.h ****     \param mux_0 First mux pin
  47:../../Documents/Daisy/DaisyExamples/libdaisy//src/per/adc.h ****     \param mux_1 Second mux pin
  48:../../Documents/Daisy/DaisyExamples/libdaisy//src/per/adc.h ****     \param mux_2 Third mux pin
  49:../../Documents/Daisy/DaisyExamples/libdaisy//src/per/adc.h ****     \param adc_pin &
  50:../../Documents/Daisy/DaisyExamples/libdaisy//src/per/adc.h ****     */
  51:../../Documents/Daisy/DaisyExamples/libdaisy//src/per/adc.h ****     void InitMux(dsy_gpio_pin adc_pin,
  52:../../Documents/Daisy/DaisyExamples/libdaisy//src/per/adc.h ****                  size_t       mux_channels,
  53:../../Documents/Daisy/DaisyExamples/libdaisy//src/per/adc.h ****                  dsy_gpio_pin mux_0,
  54:../../Documents/Daisy/DaisyExamples/libdaisy//src/per/adc.h ****                  dsy_gpio_pin mux_1 = {DSY_GPIOX, 0},
  55:../../Documents/Daisy/DaisyExamples/libdaisy//src/per/adc.h ****                  dsy_gpio_pin mux_2 = {DSY_GPIOX, 0});
  56:../../Documents/Daisy/DaisyExamples/libdaisy//src/per/adc.h **** 
  57:../../Documents/Daisy/DaisyExamples/libdaisy//src/per/adc.h ****     dsy_gpio pin_;                   /**< & */
  58:../../Documents/Daisy/DaisyExamples/libdaisy//src/per/adc.h ****     dsy_gpio mux_pin_[MUX_SEL_LAST]; /**< & */
  59:../../Documents/Daisy/DaisyExamples/libdaisy//src/per/adc.h ****     uint8_t  mux_channels_;          /**< & */
  60:../../Documents/Daisy/DaisyExamples/libdaisy//src/per/adc.h **** };
  61:../../Documents/Daisy/DaisyExamples/libdaisy//src/per/adc.h **** 
  62:../../Documents/Daisy/DaisyExamples/libdaisy//src/per/adc.h **** /**
  63:../../Documents/Daisy/DaisyExamples/libdaisy//src/per/adc.h ****    Handler for analog to digital conversion
  64:../../Documents/Daisy/DaisyExamples/libdaisy//src/per/adc.h **** */
  65:../../Documents/Daisy/DaisyExamples/libdaisy//src/per/adc.h **** class AdcHandle
  66:../../Documents/Daisy/DaisyExamples/libdaisy//src/per/adc.h **** {
  67:../../Documents/Daisy/DaisyExamples/libdaisy//src/per/adc.h ****   public:
  68:../../Documents/Daisy/DaisyExamples/libdaisy//src/per/adc.h ****     /** Supported oversampling amounts */
  69:../../Documents/Daisy/DaisyExamples/libdaisy//src/per/adc.h ****     enum OverSampling
  70:../../Documents/Daisy/DaisyExamples/libdaisy//src/per/adc.h ****     {
  71:../../Documents/Daisy/DaisyExamples/libdaisy//src/per/adc.h ****         OVS_NONE, /**< & */
  72:../../Documents/Daisy/DaisyExamples/libdaisy//src/per/adc.h ****         OVS_4,    /**< & */
  73:../../Documents/Daisy/DaisyExamples/libdaisy//src/per/adc.h ****         OVS_8,    /**< & */
  74:../../Documents/Daisy/DaisyExamples/libdaisy//src/per/adc.h ****         OVS_16,   /**< & */
  75:../../Documents/Daisy/DaisyExamples/libdaisy//src/per/adc.h ****         OVS_32,   /**< & */
  76:../../Documents/Daisy/DaisyExamples/libdaisy//src/per/adc.h ****         OVS_64,   /**< & */
  77:../../Documents/Daisy/DaisyExamples/libdaisy//src/per/adc.h ****         OVS_128,  /**< & */
  78:../../Documents/Daisy/DaisyExamples/libdaisy//src/per/adc.h ****         OVS_256,  /**< & */
  79:../../Documents/Daisy/DaisyExamples/libdaisy//src/per/adc.h ****         OVS_512,  /**< & */
  80:../../Documents/Daisy/DaisyExamples/libdaisy//src/per/adc.h ****         OVS_1024, /**< & */
  81:../../Documents/Daisy/DaisyExamples/libdaisy//src/per/adc.h ****         OVS_LAST, /**< & */
  82:../../Documents/Daisy/DaisyExamples/libdaisy//src/per/adc.h ****     };
  83:../../Documents/Daisy/DaisyExamples/libdaisy//src/per/adc.h **** 
  84:../../Documents/Daisy/DaisyExamples/libdaisy//src/per/adc.h ****     AdcHandle() {}
  85:../../Documents/Daisy/DaisyExamples/libdaisy//src/per/adc.h ****     ~AdcHandle() {}
  50              		.loc 4 85 5 is_stmt 1 view .LVU5
  51              		.loc 4 85 5 is_stmt 0 view .LVU6
  52              	.LBE74:
  53              	.LBB75:
  54              	.LBI75:
  55              		.file 5 "../../Documents/Daisy/DaisyExamples/libdaisy//src/hid/audio.h"
   1:../../Documents/Daisy/DaisyExamples/libdaisy//src/hid/audio.h **** #ifndef DSY_AUDIO_H
   2:../../Documents/Daisy/DaisyExamples/libdaisy//src/hid/audio.h **** #define DSY_AUDIO_H /**< & */
   3:../../Documents/Daisy/DaisyExamples/libdaisy//src/hid/audio.h **** 
   4:../../Documents/Daisy/DaisyExamples/libdaisy//src/hid/audio.h **** #include "per/sai.h"
ARM GAS  /var/folders/j4/zsgv5hks61j070b3g480n1j40000gn/T//ccotP3Mq.s 			page 6


   5:../../Documents/Daisy/DaisyExamples/libdaisy//src/hid/audio.h **** 
   6:../../Documents/Daisy/DaisyExamples/libdaisy//src/hid/audio.h **** namespace daisy
   7:../../Documents/Daisy/DaisyExamples/libdaisy//src/hid/audio.h **** {
   8:../../Documents/Daisy/DaisyExamples/libdaisy//src/hid/audio.h **** class AudioHandle
   9:../../Documents/Daisy/DaisyExamples/libdaisy//src/hid/audio.h **** {
  10:../../Documents/Daisy/DaisyExamples/libdaisy//src/hid/audio.h ****   public:
  11:../../Documents/Daisy/DaisyExamples/libdaisy//src/hid/audio.h ****     /** Manually configurable details about the Audio Engine */
  12:../../Documents/Daisy/DaisyExamples/libdaisy//src/hid/audio.h ****     /** TODO: Figure out how to get samplerate in here. */
  13:../../Documents/Daisy/DaisyExamples/libdaisy//src/hid/audio.h ****     struct Config
  14:../../Documents/Daisy/DaisyExamples/libdaisy//src/hid/audio.h ****     {
  15:../../Documents/Daisy/DaisyExamples/libdaisy//src/hid/audio.h ****         size_t                        blocksize;
  16:../../Documents/Daisy/DaisyExamples/libdaisy//src/hid/audio.h ****         SaiHandle::Config::SampleRate samplerate;
  17:../../Documents/Daisy/DaisyExamples/libdaisy//src/hid/audio.h ****         float                         postgain;
  18:../../Documents/Daisy/DaisyExamples/libdaisy//src/hid/audio.h ****     };
  19:../../Documents/Daisy/DaisyExamples/libdaisy//src/hid/audio.h **** 
  20:../../Documents/Daisy/DaisyExamples/libdaisy//src/hid/audio.h ****     enum class Result
  21:../../Documents/Daisy/DaisyExamples/libdaisy//src/hid/audio.h ****     {
  22:../../Documents/Daisy/DaisyExamples/libdaisy//src/hid/audio.h ****         OK,
  23:../../Documents/Daisy/DaisyExamples/libdaisy//src/hid/audio.h ****         ERR,
  24:../../Documents/Daisy/DaisyExamples/libdaisy//src/hid/audio.h ****     };
  25:../../Documents/Daisy/DaisyExamples/libdaisy//src/hid/audio.h **** 
  26:../../Documents/Daisy/DaisyExamples/libdaisy//src/hid/audio.h ****     /** Non-Interleaving input buffer
  27:../../Documents/Daisy/DaisyExamples/libdaisy//src/hid/audio.h ****      * Buffer arranged by float[chn][sample] 
  28:../../Documents/Daisy/DaisyExamples/libdaisy//src/hid/audio.h ****      * const so that the user can't modify the input
  29:../../Documents/Daisy/DaisyExamples/libdaisy//src/hid/audio.h ****     */
  30:../../Documents/Daisy/DaisyExamples/libdaisy//src/hid/audio.h ****     typedef const float* const* InputBuffer;
  31:../../Documents/Daisy/DaisyExamples/libdaisy//src/hid/audio.h **** 
  32:../../Documents/Daisy/DaisyExamples/libdaisy//src/hid/audio.h ****     /** Non-Interleaving output buffer
  33:../../Documents/Daisy/DaisyExamples/libdaisy//src/hid/audio.h ****      * Arranged by float[chn][sample] 
  34:../../Documents/Daisy/DaisyExamples/libdaisy//src/hid/audio.h ****     */
  35:../../Documents/Daisy/DaisyExamples/libdaisy//src/hid/audio.h ****     typedef float** OutputBuffer;
  36:../../Documents/Daisy/DaisyExamples/libdaisy//src/hid/audio.h **** 
  37:../../Documents/Daisy/DaisyExamples/libdaisy//src/hid/audio.h ****     /** Type for a Non-Interleaving audio callback 
  38:../../Documents/Daisy/DaisyExamples/libdaisy//src/hid/audio.h ****    * Non-Interleaving audio callbacks in daisy will be of this type
  39:../../Documents/Daisy/DaisyExamples/libdaisy//src/hid/audio.h ****   */
  40:../../Documents/Daisy/DaisyExamples/libdaisy//src/hid/audio.h ****     typedef void (*AudioCallback)(InputBuffer  in,
  41:../../Documents/Daisy/DaisyExamples/libdaisy//src/hid/audio.h ****                                   OutputBuffer out,
  42:../../Documents/Daisy/DaisyExamples/libdaisy//src/hid/audio.h ****                                   size_t       size);
  43:../../Documents/Daisy/DaisyExamples/libdaisy//src/hid/audio.h **** 
  44:../../Documents/Daisy/DaisyExamples/libdaisy//src/hid/audio.h ****     /** Interleaving Input buffer
  45:../../Documents/Daisy/DaisyExamples/libdaisy//src/hid/audio.h ****      ** audio is prepared as { L0, R0, L1, R1, . . . LN, RN }]
  46:../../Documents/Daisy/DaisyExamples/libdaisy//src/hid/audio.h ****      ** this is const, as the user shouldn't modify it
  47:../../Documents/Daisy/DaisyExamples/libdaisy//src/hid/audio.h ****     */
  48:../../Documents/Daisy/DaisyExamples/libdaisy//src/hid/audio.h ****     typedef const float* InterleavingInputBuffer;
  49:../../Documents/Daisy/DaisyExamples/libdaisy//src/hid/audio.h **** 
  50:../../Documents/Daisy/DaisyExamples/libdaisy//src/hid/audio.h ****     /** Interleaving Output buffer 
  51:../../Documents/Daisy/DaisyExamples/libdaisy//src/hid/audio.h ****      ** audio is prepared as { L0, R0, L1, R1, . . . LN, RN }
  52:../../Documents/Daisy/DaisyExamples/libdaisy//src/hid/audio.h ****     */
  53:../../Documents/Daisy/DaisyExamples/libdaisy//src/hid/audio.h ****     typedef float* InterleavingOutputBuffer;
  54:../../Documents/Daisy/DaisyExamples/libdaisy//src/hid/audio.h **** 
  55:../../Documents/Daisy/DaisyExamples/libdaisy//src/hid/audio.h ****     /** Interleaving Audio Callback 
  56:../../Documents/Daisy/DaisyExamples/libdaisy//src/hid/audio.h ****    * Interleaving audio callbacks in daisy must be of this type
  57:../../Documents/Daisy/DaisyExamples/libdaisy//src/hid/audio.h ****   */
  58:../../Documents/Daisy/DaisyExamples/libdaisy//src/hid/audio.h ****     typedef void (*InterleavingAudioCallback)(InterleavingInputBuffer  in,
  59:../../Documents/Daisy/DaisyExamples/libdaisy//src/hid/audio.h ****                                               InterleavingOutputBuffer out,
  60:../../Documents/Daisy/DaisyExamples/libdaisy//src/hid/audio.h ****                                               size_t                   size);
  61:../../Documents/Daisy/DaisyExamples/libdaisy//src/hid/audio.h **** 
ARM GAS  /var/folders/j4/zsgv5hks61j070b3g480n1j40000gn/T//ccotP3Mq.s 			page 7


  62:../../Documents/Daisy/DaisyExamples/libdaisy//src/hid/audio.h ****     AudioHandle() : pimpl_(nullptr) {}
  63:../../Documents/Daisy/DaisyExamples/libdaisy//src/hid/audio.h ****     ~AudioHandle() {}
  56              		.loc 5 63 5 is_stmt 1 view .LVU7
  57              		.loc 5 63 5 is_stmt 0 view .LVU8
  58              	.LBE75:
  59              		.loc 1 22 19 view .LVU9
  60 0000 7047     		bx	lr
  61              		.cfi_endproc
  62              	.LFE2040:
  64              		.weak	_ZN5daisy9DaisySeedD1Ev
  65              		.thumb_set _ZN5daisy9DaisySeedD1Ev,_ZN5daisy9DaisySeedD2Ev
  66 0002 00BF     		.section	.text._ZN7daisysp10OscillatorD2Ev,"axG",%progbits,_ZN7daisysp10OscillatorD5Ev,comdat
  67              		.align	1
  68              		.p2align 2,,3
  69              		.weak	_ZN7daisysp10OscillatorD2Ev
  70              		.syntax unified
  71              		.thumb
  72              		.thumb_func
  74              	_ZN7daisysp10OscillatorD2Ev:
  75              	.LVL1:
  76              	.LFB3730:
  77              		.file 6 "../../Documents/Daisy/DaisyExamples/daisysp//Source/Synthesis/oscillator.h"
   1:../../Documents/Daisy/DaisyExamples/daisysp//Source/Synthesis/oscillator.h **** #pragma once
   2:../../Documents/Daisy/DaisyExamples/daisysp//Source/Synthesis/oscillator.h **** #ifndef DSY_OSCILLATOR_H
   3:../../Documents/Daisy/DaisyExamples/daisysp//Source/Synthesis/oscillator.h **** #define DSY_OSCILLATOR_H
   4:../../Documents/Daisy/DaisyExamples/daisysp//Source/Synthesis/oscillator.h **** #include <stdint.h>
   5:../../Documents/Daisy/DaisyExamples/daisysp//Source/Synthesis/oscillator.h **** #include "Utility/dsp.h"
   6:../../Documents/Daisy/DaisyExamples/daisysp//Source/Synthesis/oscillator.h **** #ifdef __cplusplus
   7:../../Documents/Daisy/DaisyExamples/daisysp//Source/Synthesis/oscillator.h **** 
   8:../../Documents/Daisy/DaisyExamples/daisysp//Source/Synthesis/oscillator.h **** namespace daisysp
   9:../../Documents/Daisy/DaisyExamples/daisysp//Source/Synthesis/oscillator.h **** {
  10:../../Documents/Daisy/DaisyExamples/daisysp//Source/Synthesis/oscillator.h **** /** Synthesis of several waveforms, including polyBLEP bandlimited waveforms.
  11:../../Documents/Daisy/DaisyExamples/daisysp//Source/Synthesis/oscillator.h **** */
  12:../../Documents/Daisy/DaisyExamples/daisysp//Source/Synthesis/oscillator.h **** class Oscillator
  13:../../Documents/Daisy/DaisyExamples/daisysp//Source/Synthesis/oscillator.h **** {
  14:../../Documents/Daisy/DaisyExamples/daisysp//Source/Synthesis/oscillator.h ****   public:
  15:../../Documents/Daisy/DaisyExamples/daisysp//Source/Synthesis/oscillator.h ****     Oscillator() {}
  16:../../Documents/Daisy/DaisyExamples/daisysp//Source/Synthesis/oscillator.h ****     ~Oscillator() {}
  78              		.loc 6 16 5 is_stmt 1 view -0
  79              		.cfi_startproc
  80              		@ args = 0, pretend = 0, frame = 0
  81              		@ frame_needed = 0, uses_anonymous_args = 0
  82              		@ link register save eliminated.
  83              		.loc 6 16 20 is_stmt 0 view .LVU11
  84 0000 7047     		bx	lr
  85              		.cfi_endproc
  86              	.LFE3730:
  88              		.weak	_ZN7daisysp10OscillatorD1Ev
  89              		.thumb_set _ZN7daisysp10OscillatorD1Ev,_ZN7daisysp10OscillatorD2Ev
  90 0002 00BF     		.section	.text._Z13AudioCallbackPKPKfPPfj,"ax",%progbits
  91              		.align	1
  92              		.p2align 2,,3
  93              		.global	_Z13AudioCallbackPKPKfPPfj
  94              		.syntax unified
  95              		.thumb
  96              		.thumb_func
  98              	_Z13AudioCallbackPKPKfPPfj:
ARM GAS  /var/folders/j4/zsgv5hks61j070b3g480n1j40000gn/T//ccotP3Mq.s 			page 8


  99              	.LVL2:
 100              	.LFB4268:
 101              		.file 7 "DaisyDrone.cpp"
   1:DaisyDrone.cpp **** #include "daisy_seed.h"
   2:DaisyDrone.cpp **** #include "daisysp.h"
   3:DaisyDrone.cpp **** 
   4:DaisyDrone.cpp **** using namespace daisy;
   5:DaisyDrone.cpp **** using namespace daisysp;
   6:DaisyDrone.cpp **** 
   7:DaisyDrone.cpp **** DaisySeed hw;
   8:DaisyDrone.cpp **** 
   9:DaisyDrone.cpp **** Oscillator osc;
  10:DaisyDrone.cpp **** 
  11:DaisyDrone.cpp **** void AudioCallback(AudioHandle::InputBuffer in, AudioHandle::OutputBuffer out, size_t size)
  12:DaisyDrone.cpp **** {
 102              		.loc 7 12 1 is_stmt 1 view -0
 103              		.cfi_startproc
 104              		@ args = 0, pretend = 0, frame = 0
 105              		@ frame_needed = 0, uses_anonymous_args = 0
  13:DaisyDrone.cpp **** 	for (size_t i = 0; i < size; i++)
 106              		.loc 7 13 2 view .LVU13
 107              	.LBB76:
 108              		.loc 7 13 23 view .LVU14
 109 0000 A2B1     		cbz	r2, .L12
 110              	.LBE76:
  12:DaisyDrone.cpp **** 	for (size_t i = 0; i < size; i++)
 111              		.loc 7 12 1 is_stmt 0 view .LVU15
 112 0002 70B5     		push	{r4, r5, r6, lr}
 113              		.cfi_def_cfa_offset 16
 114              		.cfi_offset 4, -16
 115              		.cfi_offset 5, -12
 116              		.cfi_offset 6, -8
 117              		.cfi_offset 14, -4
 118 0004 0D46     		mov	r5, r1
 119 0006 1646     		mov	r6, r2
 120              	.LBB80:
 121              		.loc 7 13 14 view .LVU16
 122 0008 0024     		movs	r4, #0
 123              	.LVL3:
 124              	.L6:
 125              	.LBB77:
  14:DaisyDrone.cpp **** 	{
  15:DaisyDrone.cpp **** 		const float osc_out = osc.Process();
 126              		.loc 7 15 3 is_stmt 1 discriminator 2 view .LVU17
 127              		.loc 7 15 36 is_stmt 0 discriminator 2 view .LVU18
 128 000a 0948     		ldr	r0, .L15
 129 000c FFF7FEFF 		bl	_ZN7daisysp10Oscillator7ProcessEv
 130              	.LVL4:
  16:DaisyDrone.cpp **** 
  17:DaisyDrone.cpp **** 		out[0][i] = osc_out;
  18:DaisyDrone.cpp **** 		out[1][i] = osc_out;
 131              		.loc 7 18 13 discriminator 2 view .LVU19
 132 0010 D5E90003 		ldrd	r0, r3, [r5]
 133              	.LVL5:
  17:DaisyDrone.cpp **** 		out[1][i] = osc_out;
 134              		.loc 7 17 3 is_stmt 1 discriminator 2 view .LVU20
  17:DaisyDrone.cpp **** 		out[1][i] = osc_out;
ARM GAS  /var/folders/j4/zsgv5hks61j070b3g480n1j40000gn/T//ccotP3Mq.s 			page 9


 135              		.loc 7 17 13 is_stmt 0 discriminator 2 view .LVU21
 136 0014 00EB8400 		add	r0, r0, r4, lsl #2
 137              		.loc 7 18 13 discriminator 2 view .LVU22
 138 0018 03EB8403 		add	r3, r3, r4, lsl #2
 139              	.LBE77:
  13:DaisyDrone.cpp **** 	{
 140              		.loc 7 13 2 discriminator 2 view .LVU23
 141 001c 0134     		adds	r4, r4, #1
 142              	.LVL6:
 143              	.LBB78:
  17:DaisyDrone.cpp **** 		out[1][i] = osc_out;
 144              		.loc 7 17 13 discriminator 2 view .LVU24
 145 001e 80ED000A 		vstr.32	s0, [r0]
 146              		.loc 7 18 3 is_stmt 1 discriminator 2 view .LVU25
 147              	.LBE78:
  13:DaisyDrone.cpp **** 	{
 148              		.loc 7 13 23 is_stmt 0 discriminator 2 view .LVU26
 149 0022 A642     		cmp	r6, r4
 150              	.LBB79:
 151              		.loc 7 18 13 discriminator 2 view .LVU27
 152 0024 83ED000A 		vstr.32	s0, [r3]
 153              	.LBE79:
  13:DaisyDrone.cpp **** 	{
 154              		.loc 7 13 2 is_stmt 1 discriminator 2 view .LVU28
 155              	.LVL7:
  13:DaisyDrone.cpp **** 	{
 156              		.loc 7 13 23 discriminator 2 view .LVU29
 157 0028 EFD1     		bne	.L6
 158              	.LBE80:
  19:DaisyDrone.cpp **** 	}
  20:DaisyDrone.cpp **** }
 159              		.loc 7 20 1 is_stmt 0 view .LVU30
 160 002a 70BD     		pop	{r4, r5, r6, pc}
 161              	.LVL8:
 162              	.L12:
 163              		.cfi_def_cfa_offset 0
 164              		.cfi_restore 4
 165              		.cfi_restore 5
 166              		.cfi_restore 6
 167              		.cfi_restore 14
 168              		.loc 7 20 1 view .LVU31
 169 002c 7047     		bx	lr
 170              	.L16:
 171 002e 00BF     		.align	2
 172              	.L15:
 173 0030 00000000 		.word	.LANCHOR0
 174              		.cfi_endproc
 175              	.LFE4268:
 177              		.section	.text.startup.main,"ax",%progbits
 178              		.align	1
 179              		.p2align 2,,3
 180              		.global	main
 181              		.syntax unified
 182              		.thumb
 183              		.thumb_func
 185              	main:
 186              	.LFB4269:
ARM GAS  /var/folders/j4/zsgv5hks61j070b3g480n1j40000gn/T//ccotP3Mq.s 			page 10


  21:DaisyDrone.cpp **** 
  22:DaisyDrone.cpp **** int main(void)
  23:DaisyDrone.cpp **** {
 187              		.loc 7 23 1 is_stmt 1 view -0
 188              		.cfi_startproc
 189              		@ Volatile: function does not return.
 190              		@ args = 0, pretend = 0, frame = 0
 191              		@ frame_needed = 0, uses_anonymous_args = 0
  24:DaisyDrone.cpp **** 	hw.Configure();
 192              		.loc 7 24 2 view .LVU33
  23:DaisyDrone.cpp **** 	hw.Configure();
 193              		.loc 7 23 1 is_stmt 0 view .LVU34
 194 0000 08B5     		push	{r3, lr}
 195              		.cfi_def_cfa_offset 8
 196              		.cfi_offset 3, -8
 197              		.cfi_offset 14, -4
 198              		.loc 7 24 14 view .LVU35
 199 0002 1F48     		ldr	r0, .L20
 200              	.LBB89:
 201              	.LBB90:
  17:../../Documents/Daisy/DaisyExamples/daisysp//Source/Synthesis/oscillator.h ****     /** Choices for output waveforms, POLYBLEP are appropriately labeled. Others are naive forms.
  18:../../Documents/Daisy/DaisyExamples/daisysp//Source/Synthesis/oscillator.h ****     */
  19:../../Documents/Daisy/DaisyExamples/daisysp//Source/Synthesis/oscillator.h ****     enum
  20:../../Documents/Daisy/DaisyExamples/daisysp//Source/Synthesis/oscillator.h ****     {
  21:../../Documents/Daisy/DaisyExamples/daisysp//Source/Synthesis/oscillator.h ****         WAVE_SIN,
  22:../../Documents/Daisy/DaisyExamples/daisysp//Source/Synthesis/oscillator.h ****         WAVE_TRI,
  23:../../Documents/Daisy/DaisyExamples/daisysp//Source/Synthesis/oscillator.h ****         WAVE_SAW,
  24:../../Documents/Daisy/DaisyExamples/daisysp//Source/Synthesis/oscillator.h ****         WAVE_RAMP,
  25:../../Documents/Daisy/DaisyExamples/daisysp//Source/Synthesis/oscillator.h ****         WAVE_SQUARE,
  26:../../Documents/Daisy/DaisyExamples/daisysp//Source/Synthesis/oscillator.h ****         WAVE_POLYBLEP_TRI,
  27:../../Documents/Daisy/DaisyExamples/daisysp//Source/Synthesis/oscillator.h ****         WAVE_POLYBLEP_SAW,
  28:../../Documents/Daisy/DaisyExamples/daisysp//Source/Synthesis/oscillator.h ****         WAVE_POLYBLEP_SQUARE,
  29:../../Documents/Daisy/DaisyExamples/daisysp//Source/Synthesis/oscillator.h ****         WAVE_LAST,
  30:../../Documents/Daisy/DaisyExamples/daisysp//Source/Synthesis/oscillator.h ****     };
  31:../../Documents/Daisy/DaisyExamples/daisysp//Source/Synthesis/oscillator.h **** 
  32:../../Documents/Daisy/DaisyExamples/daisysp//Source/Synthesis/oscillator.h **** 
  33:../../Documents/Daisy/DaisyExamples/daisysp//Source/Synthesis/oscillator.h ****     /** Initializes the Oscillator
  34:../../Documents/Daisy/DaisyExamples/daisysp//Source/Synthesis/oscillator.h **** 
  35:../../Documents/Daisy/DaisyExamples/daisysp//Source/Synthesis/oscillator.h ****         \param sample_rate - sample rate of the audio engine being run, and the frequency that the 
  36:../../Documents/Daisy/DaisyExamples/daisysp//Source/Synthesis/oscillator.h **** 
  37:../../Documents/Daisy/DaisyExamples/daisysp//Source/Synthesis/oscillator.h ****         Defaults:
  38:../../Documents/Daisy/DaisyExamples/daisysp//Source/Synthesis/oscillator.h ****         - freq_ = 100 Hz
  39:../../Documents/Daisy/DaisyExamples/daisysp//Source/Synthesis/oscillator.h ****         - amp_ = 0.5
  40:../../Documents/Daisy/DaisyExamples/daisysp//Source/Synthesis/oscillator.h ****         - waveform_ = sine wave.
  41:../../Documents/Daisy/DaisyExamples/daisysp//Source/Synthesis/oscillator.h ****     */
  42:../../Documents/Daisy/DaisyExamples/daisysp//Source/Synthesis/oscillator.h ****     void Init(float sample_rate)
  43:../../Documents/Daisy/DaisyExamples/daisysp//Source/Synthesis/oscillator.h ****     {
  44:../../Documents/Daisy/DaisyExamples/daisysp//Source/Synthesis/oscillator.h ****         sr_        = sample_rate;
  45:../../Documents/Daisy/DaisyExamples/daisysp//Source/Synthesis/oscillator.h ****         sr_recip_  = 1.0f / sample_rate;
  46:../../Documents/Daisy/DaisyExamples/daisysp//Source/Synthesis/oscillator.h ****         freq_      = 100.0f;
  47:../../Documents/Daisy/DaisyExamples/daisysp//Source/Synthesis/oscillator.h ****         amp_       = 0.5f;
 202              		.loc 6 47 20 view .LVU36
 203 0004 4FF07C55 		mov	r5, #1056964608
 204              	.LBE90:
 205              	.LBE89:
 206              		.loc 7 24 14 view .LVU37
 207 0008 FFF7FEFF 		bl	_ZN5daisy9DaisySeed9ConfigureEv
ARM GAS  /var/folders/j4/zsgv5hks61j070b3g480n1j40000gn/T//ccotP3Mq.s 			page 11


 208              	.LVL9:
  25:DaisyDrone.cpp **** 	hw.Init();
 209              		.loc 7 25 2 is_stmt 1 view .LVU38
 210              		.loc 7 25 9 is_stmt 0 view .LVU39
 211 000c 0021     		movs	r1, #0
 212 000e 1C48     		ldr	r0, .L20
 213 0010 FFF7FEFF 		bl	_ZN5daisy9DaisySeed4InitEb
 214              	.LVL10:
  26:DaisyDrone.cpp **** 	hw.StartAudio(AudioCallback);
 215              		.loc 7 26 2 is_stmt 1 view .LVU40
 216              		.loc 7 26 15 is_stmt 0 view .LVU41
 217 0014 1B49     		ldr	r1, .L20+4
 218 0016 1A48     		ldr	r0, .L20
 219 0018 FFF7FEFF 		bl	_ZN5daisy9DaisySeed10StartAudioEPFvPKPKfPPfjE
 220              	.LVL11:
  27:DaisyDrone.cpp **** 
  28:DaisyDrone.cpp ****     //Set up oscillator
  29:DaisyDrone.cpp ****     osc.Init( hw.AudioSampleRate() );
 221              		.loc 7 29 5 is_stmt 1 view .LVU42
 222              		.loc 7 29 13 is_stmt 0 view .LVU43
 223 001c 1848     		ldr	r0, .L20
 224 001e FFF7FEFF 		bl	_ZN5daisy9DaisySeed15AudioSampleRateEv
 225              	.LVL12:
 226              	.LBB95:
 227              	.LBB91:
  45:../../Documents/Daisy/DaisyExamples/daisysp//Source/Synthesis/oscillator.h ****         freq_      = 100.0f;
 228              		.loc 6 45 27 view .LVU44
 229 0022 B7EE006A 		vmov.f32	s12, #1.0e+0
 230              	.LBE91:
 231              	.LBE95:
 232              		.loc 7 29 13 view .LVU45
 233 0026 F0EE407A 		vmov.f32	s15, s0
 234              	.LVL13:
 235              	.LBB96:
 236              	.LBI89:
  42:../../Documents/Daisy/DaisyExamples/daisysp//Source/Synthesis/oscillator.h ****     {
 237              		.loc 6 42 10 is_stmt 1 view .LVU46
 238              	.LBB92:
  44:../../Documents/Daisy/DaisyExamples/daisysp//Source/Synthesis/oscillator.h ****         sr_recip_  = 1.0f / sample_rate;
 239              		.loc 6 44 9 view .LVU47
  44:../../Documents/Daisy/DaisyExamples/daisysp//Source/Synthesis/oscillator.h ****         sr_recip_  = 1.0f / sample_rate;
 240              		.loc 6 44 20 is_stmt 0 view .LVU48
 241 002a 174C     		ldr	r4, .L20+8
  46:../../Documents/Daisy/DaisyExamples/daisysp//Source/Synthesis/oscillator.h ****         amp_       = 0.5f;
 242              		.loc 6 46 20 view .LVU49
 243 002c 9FED177A 		vldr.32	s14, .L20+12
  48:../../Documents/Daisy/DaisyExamples/daisysp//Source/Synthesis/oscillator.h ****         phase_     = 0.0f;
 244              		.loc 6 48 20 view .LVU50
 245 0030 0023     		movs	r3, #0
  49:../../Documents/Daisy/DaisyExamples/daisysp//Source/Synthesis/oscillator.h ****         phase_inc_ = CalcPhaseInc(freq_);
 246              		.loc 6 49 34 view .LVU51
 247 0032 2046     		mov	r0, r4
  47:../../Documents/Daisy/DaisyExamples/daisysp//Source/Synthesis/oscillator.h ****         phase_     = 0.0f;
 248              		.loc 6 47 20 view .LVU52
 249 0034 6560     		str	r5, [r4, #4]	@ float
  45:../../Documents/Daisy/DaisyExamples/daisysp//Source/Synthesis/oscillator.h ****         freq_      = 100.0f;
 250              		.loc 6 45 27 view .LVU53
ARM GAS  /var/folders/j4/zsgv5hks61j070b3g480n1j40000gn/T//ccotP3Mq.s 			page 12


 251 0036 C6EE276A 		vdiv.f32	s13, s12, s15
  44:../../Documents/Daisy/DaisyExamples/daisysp//Source/Synthesis/oscillator.h ****         sr_recip_  = 1.0f / sample_rate;
 252              		.loc 6 44 20 view .LVU54
 253 003a C4ED037A 		vstr.32	s15, [r4, #12]
  45:../../Documents/Daisy/DaisyExamples/daisysp//Source/Synthesis/oscillator.h ****         freq_      = 100.0f;
 254              		.loc 6 45 9 is_stmt 1 view .LVU55
  46:../../Documents/Daisy/DaisyExamples/daisysp//Source/Synthesis/oscillator.h ****         amp_       = 0.5f;
 255              		.loc 6 46 20 is_stmt 0 view .LVU56
 256 003e 84ED027A 		vstr.32	s14, [r4, #8]
  48:../../Documents/Daisy/DaisyExamples/daisysp//Source/Synthesis/oscillator.h ****         phase_inc_ = CalcPhaseInc(freq_);
 257              		.loc 6 48 20 view .LVU57
 258 0042 6361     		str	r3, [r4, #20]	@ float
 259              		.loc 6 49 34 view .LVU58
 260 0044 B0EE470A 		vmov.f32	s0, s14
 261              	.LVL14:
  45:../../Documents/Daisy/DaisyExamples/daisysp//Source/Synthesis/oscillator.h ****         freq_      = 100.0f;
 262              		.loc 6 45 20 view .LVU59
 263 0048 C4ED046A 		vstr.32	s13, [r4, #16]
  46:../../Documents/Daisy/DaisyExamples/daisysp//Source/Synthesis/oscillator.h ****         amp_       = 0.5f;
 264              		.loc 6 46 9 is_stmt 1 view .LVU60
  47:../../Documents/Daisy/DaisyExamples/daisysp//Source/Synthesis/oscillator.h ****         phase_     = 0.0f;
 265              		.loc 6 47 9 view .LVU61
  48:../../Documents/Daisy/DaisyExamples/daisysp//Source/Synthesis/oscillator.h ****         phase_inc_ = CalcPhaseInc(freq_);
 266              		.loc 6 48 9 view .LVU62
 267              		.loc 6 49 9 view .LVU63
 268              		.loc 6 49 34 is_stmt 0 view .LVU64
 269 004c FFF7FEFF 		bl	_ZN7daisysp10Oscillator12CalcPhaseIncEf
 270              	.LVL15:
 271              		.loc 6 49 34 view .LVU65
 272 0050 F0EE407A 		vmov.f32	s15, s0
  50:../../Documents/Daisy/DaisyExamples/daisysp//Source/Synthesis/oscillator.h ****         waveform_  = WAVE_SIN;
 273              		.loc 6 50 20 view .LVU66
 274 0054 0022     		movs	r2, #0
 275              	.LBE92:
 276              	.LBE96:
 277              	.LBB97:
 278              	.LBB98:
  51:../../Documents/Daisy/DaisyExamples/daisysp//Source/Synthesis/oscillator.h ****         eoc_       = true;
  52:../../Documents/Daisy/DaisyExamples/daisysp//Source/Synthesis/oscillator.h ****         eor_       = true;
  53:../../Documents/Daisy/DaisyExamples/daisysp//Source/Synthesis/oscillator.h ****     }
  54:../../Documents/Daisy/DaisyExamples/daisysp//Source/Synthesis/oscillator.h **** 
  55:../../Documents/Daisy/DaisyExamples/daisysp//Source/Synthesis/oscillator.h **** 
  56:../../Documents/Daisy/DaisyExamples/daisysp//Source/Synthesis/oscillator.h ****     /** Changes the frequency of the Oscillator, and recalculates phase increment.
  57:../../Documents/Daisy/DaisyExamples/daisysp//Source/Synthesis/oscillator.h ****     */
  58:../../Documents/Daisy/DaisyExamples/daisysp//Source/Synthesis/oscillator.h ****     inline void SetFreq(const float f)
  59:../../Documents/Daisy/DaisyExamples/daisysp//Source/Synthesis/oscillator.h ****     {
  60:../../Documents/Daisy/DaisyExamples/daisysp//Source/Synthesis/oscillator.h ****         freq_      = f;
 279              		.loc 6 60 20 view .LVU67
 280 0056 9FED0E0A 		vldr.32	s0, .L20+16
 281              	.LBE98:
 282              	.LBE97:
 283              	.LBB102:
 284              	.LBB93:
  52:../../Documents/Daisy/DaisyExamples/daisysp//Source/Synthesis/oscillator.h ****     }
 285              		.loc 6 52 20 view .LVU68
 286 005a 40F20113 		movw	r3, #257
 287              	.LBE93:
ARM GAS  /var/folders/j4/zsgv5hks61j070b3g480n1j40000gn/T//ccotP3Mq.s 			page 13


 288              	.LBE102:
 289              	.LBB103:
 290              	.LBB99:
  61:../../Documents/Daisy/DaisyExamples/daisysp//Source/Synthesis/oscillator.h ****         phase_inc_ = CalcPhaseInc(f);
 291              		.loc 6 61 34 view .LVU69
 292 005e 2046     		mov	r0, r4
 293              	.LBE99:
 294              	.LBE103:
 295              	.LBB104:
 296              	.LBB94:
  50:../../Documents/Daisy/DaisyExamples/daisysp//Source/Synthesis/oscillator.h ****         eoc_       = true;
 297              		.loc 6 50 20 view .LVU70
 298 0060 2270     		strb	r2, [r4]
  49:../../Documents/Daisy/DaisyExamples/daisysp//Source/Synthesis/oscillator.h ****         waveform_  = WAVE_SIN;
 299              		.loc 6 49 20 view .LVU71
 300 0062 C4ED067A 		vstr.32	s15, [r4, #24]
  50:../../Documents/Daisy/DaisyExamples/daisysp//Source/Synthesis/oscillator.h ****         eoc_       = true;
 301              		.loc 6 50 9 is_stmt 1 view .LVU72
  51:../../Documents/Daisy/DaisyExamples/daisysp//Source/Synthesis/oscillator.h ****         eor_       = true;
 302              		.loc 6 51 9 view .LVU73
  52:../../Documents/Daisy/DaisyExamples/daisysp//Source/Synthesis/oscillator.h ****     }
 303              		.loc 6 52 9 view .LVU74
  52:../../Documents/Daisy/DaisyExamples/daisysp//Source/Synthesis/oscillator.h ****     }
 304              		.loc 6 52 20 is_stmt 0 view .LVU75
 305 0066 A384     		strh	r3, [r4, #36]	@ movhi
 306              	.LVL16:
  52:../../Documents/Daisy/DaisyExamples/daisysp//Source/Synthesis/oscillator.h ****     }
 307              		.loc 6 52 20 view .LVU76
 308              	.LBE94:
 309              	.LBE104:
  30:DaisyDrone.cpp ****     osc.SetWaveform(osc.WAVE_SIN);
 310              		.loc 7 30 5 is_stmt 1 view .LVU77
  62:../../Documents/Daisy/DaisyExamples/daisysp//Source/Synthesis/oscillator.h ****     }
  63:../../Documents/Daisy/DaisyExamples/daisysp//Source/Synthesis/oscillator.h **** 
  64:../../Documents/Daisy/DaisyExamples/daisysp//Source/Synthesis/oscillator.h **** 
  65:../../Documents/Daisy/DaisyExamples/daisysp//Source/Synthesis/oscillator.h ****     /** Sets the amplitude of the waveform.
  66:../../Documents/Daisy/DaisyExamples/daisysp//Source/Synthesis/oscillator.h ****     */
  67:../../Documents/Daisy/DaisyExamples/daisysp//Source/Synthesis/oscillator.h ****     inline void SetAmp(const float a) { amp_ = a; }
  68:../../Documents/Daisy/DaisyExamples/daisysp//Source/Synthesis/oscillator.h ****     /** Sets the waveform to be synthesized by the Process() function.
  69:../../Documents/Daisy/DaisyExamples/daisysp//Source/Synthesis/oscillator.h ****     */
  70:../../Documents/Daisy/DaisyExamples/daisysp//Source/Synthesis/oscillator.h ****     inline void SetWaveform(const uint8_t wf)
  71:../../Documents/Daisy/DaisyExamples/daisysp//Source/Synthesis/oscillator.h ****     {
  72:../../Documents/Daisy/DaisyExamples/daisysp//Source/Synthesis/oscillator.h ****         waveform_ = wf < WAVE_LAST ? wf : WAVE_SIN;
 311              		.loc 6 72 9 view .LVU78
  31:DaisyDrone.cpp ****     osc.SetAmp(0.5f);
 312              		.loc 7 31 5 view .LVU79
 313              	.LBB105:
 314              	.LBI105:
  67:../../Documents/Daisy/DaisyExamples/daisysp//Source/Synthesis/oscillator.h ****     /** Sets the waveform to be synthesized by the Process() function.
 315              		.loc 6 67 17 view .LVU80
 316              	.LBB106:
  67:../../Documents/Daisy/DaisyExamples/daisysp//Source/Synthesis/oscillator.h ****     /** Sets the waveform to be synthesized by the Process() function.
 317              		.loc 6 67 41 view .LVU81
  67:../../Documents/Daisy/DaisyExamples/daisysp//Source/Synthesis/oscillator.h ****     /** Sets the waveform to be synthesized by the Process() function.
 318              		.loc 6 67 46 is_stmt 0 view .LVU82
 319 0068 6560     		str	r5, [r4, #4]	@ float
 320              	.LVL17:
ARM GAS  /var/folders/j4/zsgv5hks61j070b3g480n1j40000gn/T//ccotP3Mq.s 			page 14


  67:../../Documents/Daisy/DaisyExamples/daisysp//Source/Synthesis/oscillator.h ****     /** Sets the waveform to be synthesized by the Process() function.
 321              		.loc 6 67 46 view .LVU83
 322              	.LBE106:
 323              	.LBE105:
  32:DaisyDrone.cpp ****     osc.SetFreq(440);
 324              		.loc 7 32 5 is_stmt 1 view .LVU84
 325              	.LBB107:
 326              	.LBI97:
  58:../../Documents/Daisy/DaisyExamples/daisysp//Source/Synthesis/oscillator.h ****     {
 327              		.loc 6 58 17 view .LVU85
 328              	.LBB100:
  60:../../Documents/Daisy/DaisyExamples/daisysp//Source/Synthesis/oscillator.h ****         phase_inc_ = CalcPhaseInc(f);
 329              		.loc 6 60 9 view .LVU86
  60:../../Documents/Daisy/DaisyExamples/daisysp//Source/Synthesis/oscillator.h ****         phase_inc_ = CalcPhaseInc(f);
 330              		.loc 6 60 20 is_stmt 0 view .LVU87
 331 006a 84ED020A 		vstr.32	s0, [r4, #8]
  61:../../Documents/Daisy/DaisyExamples/daisysp//Source/Synthesis/oscillator.h ****     }
 332              		.loc 6 61 9 is_stmt 1 view .LVU88
  61:../../Documents/Daisy/DaisyExamples/daisysp//Source/Synthesis/oscillator.h ****     }
 333              		.loc 6 61 34 is_stmt 0 view .LVU89
 334 006e FFF7FEFF 		bl	_ZN7daisysp10Oscillator12CalcPhaseIncEf
 335              	.LVL18:
 336              	.LBE100:
 337              	.LBE107:
  33:DaisyDrone.cpp **** 
  34:DaisyDrone.cpp **** 	hw.StartAudio(AudioCallback);
 338              		.loc 7 34 15 view .LVU90
 339 0072 0449     		ldr	r1, .L20+4
 340 0074 0248     		ldr	r0, .L20
 341              	.LBB108:
 342              	.LBB101:
  61:../../Documents/Daisy/DaisyExamples/daisysp//Source/Synthesis/oscillator.h ****     }
 343              		.loc 6 61 20 view .LVU91
 344 0076 84ED060A 		vstr.32	s0, [r4, #24]
 345              	.LVL19:
  61:../../Documents/Daisy/DaisyExamples/daisysp//Source/Synthesis/oscillator.h ****     }
 346              		.loc 6 61 20 view .LVU92
 347              	.LBE101:
 348              	.LBE108:
 349              		.loc 7 34 2 is_stmt 1 view .LVU93
 350              		.loc 7 34 15 is_stmt 0 view .LVU94
 351 007a FFF7FEFF 		bl	_ZN5daisy9DaisySeed10StartAudioEPFvPKPKfPPfjE
 352              	.LVL20:
 353              	.L18:
  35:DaisyDrone.cpp **** 
  36:DaisyDrone.cpp **** 	while(1) {}
 354              		.loc 7 36 2 is_stmt 1 discriminator 1 view .LVU95
 355              		.loc 7 36 2 discriminator 1 view .LVU96
 356              		.loc 7 36 2 discriminator 1 view .LVU97
 357              		.loc 7 36 2 discriminator 1 view .LVU98
 358 007e FEE7     		b	.L18
 359              	.L21:
 360              		.align	2
 361              	.L20:
 362 0080 00000000 		.word	.LANCHOR1
 363 0084 00000000 		.word	_Z13AudioCallbackPKPKfPPfj
 364 0088 00000000 		.word	.LANCHOR0
ARM GAS  /var/folders/j4/zsgv5hks61j070b3g480n1j40000gn/T//ccotP3Mq.s 			page 15


 365 008c 0000C842 		.word	1120403456
 366 0090 0000DC43 		.word	1138491392
 367              		.cfi_endproc
 368              	.LFE4269:
 370              		.section	.text.startup._GLOBAL__sub_I_hw,"ax",%progbits
 371              		.align	1
 372              		.p2align 2,,3
 373              		.syntax unified
 374              		.thumb
 375              		.thumb_func
 377              	_GLOBAL__sub_I_hw:
 378              	.LFB4826:
  37:DaisyDrone.cpp **** }
 379              		.loc 7 37 1 view -0
 380              		.cfi_startproc
 381              		@ args = 0, pretend = 0, frame = 0
 382              		@ frame_needed = 0, uses_anonymous_args = 0
 383              	.LBB129:
 384              	.LBI129:
 385              		.loc 7 37 1 view .LVU100
 386              	.LVL21:
 387              	.LBB130:
 388              	.LBB131:
 389              	.LBI131:
  21:../../Documents/Daisy/DaisyExamples/libdaisy//src/daisy_seed.h ****     ~DaisySeed() {}
 390              		.loc 1 21 5 view .LVU101
 391              	.LBB132:
 392              	.LBB133:
 393              	.LBI133:
 394              		.file 8 "../../Documents/Daisy/DaisyExamples/libdaisy//src/per/qspi.h"
   1:../../Documents/Daisy/DaisyExamples/libdaisy//src/per/qspi.h **** #ifndef DSY_QSPI
   2:../../Documents/Daisy/DaisyExamples/libdaisy//src/per/qspi.h **** #define DSY_QSPI /**< Macro */
   3:../../Documents/Daisy/DaisyExamples/libdaisy//src/per/qspi.h **** 
   4:../../Documents/Daisy/DaisyExamples/libdaisy//src/per/qspi.h **** #ifndef UNIT_TEST // for unit tests, a dummy implementation
   5:../../Documents/Daisy/DaisyExamples/libdaisy//src/per/qspi.h **** 
   6:../../Documents/Daisy/DaisyExamples/libdaisy//src/per/qspi.h **** #include <cstdint>
   7:../../Documents/Daisy/DaisyExamples/libdaisy//src/per/qspi.h **** #include "daisy_core.h" // Added for dsy_gpio_pin typedef
   8:../../Documents/Daisy/DaisyExamples/libdaisy//src/per/qspi.h **** 
   9:../../Documents/Daisy/DaisyExamples/libdaisy//src/per/qspi.h **** #define DSY_QSPI_TEXT       \
  10:../../Documents/Daisy/DaisyExamples/libdaisy//src/per/qspi.h ****     __attribute__((section( \
  11:../../Documents/Daisy/DaisyExamples/libdaisy//src/per/qspi.h ****         ".qspiflash_text"))) /**< used for reading memory in memory_mapped mode. */
  12:../../Documents/Daisy/DaisyExamples/libdaisy//src/per/qspi.h **** #define DSY_QSPI_DATA       \
  13:../../Documents/Daisy/DaisyExamples/libdaisy//src/per/qspi.h ****     __attribute__((section( \
  14:../../Documents/Daisy/DaisyExamples/libdaisy//src/per/qspi.h ****         ".qspiflash_data"))) /**< used for reading memory in memory_mapped mode. */
  15:../../Documents/Daisy/DaisyExamples/libdaisy//src/per/qspi.h **** #define DSY_QSPI_BSS        \
  16:../../Documents/Daisy/DaisyExamples/libdaisy//src/per/qspi.h ****     __attribute__((section( \
  17:../../Documents/Daisy/DaisyExamples/libdaisy//src/per/qspi.h ****         ".qspiflash_bss"))) /**< used for reading memory in memory_mapped mode. */
  18:../../Documents/Daisy/DaisyExamples/libdaisy//src/per/qspi.h **** 
  19:../../Documents/Daisy/DaisyExamples/libdaisy//src/per/qspi.h **** namespace daisy
  20:../../Documents/Daisy/DaisyExamples/libdaisy//src/per/qspi.h **** {
  21:../../Documents/Daisy/DaisyExamples/libdaisy//src/per/qspi.h **** /** @addtogroup serial
  22:../../Documents/Daisy/DaisyExamples/libdaisy//src/per/qspi.h **** @{
  23:../../Documents/Daisy/DaisyExamples/libdaisy//src/per/qspi.h **** */
  24:../../Documents/Daisy/DaisyExamples/libdaisy//src/per/qspi.h **** 
  25:../../Documents/Daisy/DaisyExamples/libdaisy//src/per/qspi.h **** /** 
  26:../../Documents/Daisy/DaisyExamples/libdaisy//src/per/qspi.h ****  Driver for QSPI peripheral to interface with external flash memory. \n 
  27:../../Documents/Daisy/DaisyExamples/libdaisy//src/per/qspi.h ****     Currently supported QSPI Devices: \n 
ARM GAS  /var/folders/j4/zsgv5hks61j070b3g480n1j40000gn/T//ccotP3Mq.s 			page 16


  28:../../Documents/Daisy/DaisyExamples/libdaisy//src/per/qspi.h ****     * IS25LP080D
  29:../../Documents/Daisy/DaisyExamples/libdaisy//src/per/qspi.h **** */
  30:../../Documents/Daisy/DaisyExamples/libdaisy//src/per/qspi.h **** class QSPIHandle
  31:../../Documents/Daisy/DaisyExamples/libdaisy//src/per/qspi.h **** {
  32:../../Documents/Daisy/DaisyExamples/libdaisy//src/per/qspi.h ****   public:
  33:../../Documents/Daisy/DaisyExamples/libdaisy//src/per/qspi.h ****     enum Result
  34:../../Documents/Daisy/DaisyExamples/libdaisy//src/per/qspi.h ****     {
  35:../../Documents/Daisy/DaisyExamples/libdaisy//src/per/qspi.h ****         OK = 0,
  36:../../Documents/Daisy/DaisyExamples/libdaisy//src/per/qspi.h ****         ERR
  37:../../Documents/Daisy/DaisyExamples/libdaisy//src/per/qspi.h ****     };
  38:../../Documents/Daisy/DaisyExamples/libdaisy//src/per/qspi.h **** 
  39:../../Documents/Daisy/DaisyExamples/libdaisy//src/per/qspi.h ****     /** Indicates the current status of the module. 
  40:../../Documents/Daisy/DaisyExamples/libdaisy//src/per/qspi.h ****          *  Warnings are indicated by a leading W.
  41:../../Documents/Daisy/DaisyExamples/libdaisy//src/per/qspi.h ****          *  Errors are indicated by a leading E and cause an immediate exit.
  42:../../Documents/Daisy/DaisyExamples/libdaisy//src/per/qspi.h ****          * 
  43:../../Documents/Daisy/DaisyExamples/libdaisy//src/per/qspi.h ****          *  \param GOOD - No errors have been reported.
  44:../../Documents/Daisy/DaisyExamples/libdaisy//src/per/qspi.h ****          *  \param E_HAL_ERROR - HAL code did not return HAL_OK.
  45:../../Documents/Daisy/DaisyExamples/libdaisy//src/per/qspi.h ****          *  \param E_SWITCHING_MODES - An error was encountered while switching QSPI peripheral mod
  46:../../Documents/Daisy/DaisyExamples/libdaisy//src/per/qspi.h ****          *  \param E_INVALID_MODE - QSPI should not be written to while the program is executing fr
  47:../../Documents/Daisy/DaisyExamples/libdaisy//src/per/qspi.h ****          */
  48:../../Documents/Daisy/DaisyExamples/libdaisy//src/per/qspi.h ****     enum Status
  49:../../Documents/Daisy/DaisyExamples/libdaisy//src/per/qspi.h ****     {
  50:../../Documents/Daisy/DaisyExamples/libdaisy//src/per/qspi.h ****         GOOD = 0,
  51:../../Documents/Daisy/DaisyExamples/libdaisy//src/per/qspi.h ****         E_HAL_ERROR,
  52:../../Documents/Daisy/DaisyExamples/libdaisy//src/per/qspi.h ****         E_SWITCHING_MODES,
  53:../../Documents/Daisy/DaisyExamples/libdaisy//src/per/qspi.h ****         E_INVALID_MODE,
  54:../../Documents/Daisy/DaisyExamples/libdaisy//src/per/qspi.h ****     };
  55:../../Documents/Daisy/DaisyExamples/libdaisy//src/per/qspi.h **** 
  56:../../Documents/Daisy/DaisyExamples/libdaisy//src/per/qspi.h ****     /** Configuration structure for interfacing with QSPI Driver */
  57:../../Documents/Daisy/DaisyExamples/libdaisy//src/per/qspi.h ****     struct Config
  58:../../Documents/Daisy/DaisyExamples/libdaisy//src/per/qspi.h ****     {
  59:../../Documents/Daisy/DaisyExamples/libdaisy//src/per/qspi.h ****         /** Flash Devices supported. (Both of these are more-or-less the same, just different sizes
  60:../../Documents/Daisy/DaisyExamples/libdaisy//src/per/qspi.h ****         enum Device
  61:../../Documents/Daisy/DaisyExamples/libdaisy//src/per/qspi.h ****         {
  62:../../Documents/Daisy/DaisyExamples/libdaisy//src/per/qspi.h ****             IS25LP080D,  /**< & */
  63:../../Documents/Daisy/DaisyExamples/libdaisy//src/per/qspi.h ****             IS25LP064A,  /**< & */
  64:../../Documents/Daisy/DaisyExamples/libdaisy//src/per/qspi.h ****             DEVICE_LAST, /**< & */
  65:../../Documents/Daisy/DaisyExamples/libdaisy//src/per/qspi.h ****         };
  66:../../Documents/Daisy/DaisyExamples/libdaisy//src/per/qspi.h **** 
  67:../../Documents/Daisy/DaisyExamples/libdaisy//src/per/qspi.h ****         /** 
  68:../../Documents/Daisy/DaisyExamples/libdaisy//src/per/qspi.h ****         Modes of operation.
  69:../../Documents/Daisy/DaisyExamples/libdaisy//src/per/qspi.h ****         Memory Mapped mode: QSPI configured so that the QSPI can be
  70:../../Documents/Daisy/DaisyExamples/libdaisy//src/per/qspi.h ****         read from starting address 0x90000000. Writing is not
  71:../../Documents/Daisy/DaisyExamples/libdaisy//src/per/qspi.h ****         possible in this mode. \n 
  72:../../Documents/Daisy/DaisyExamples/libdaisy//src/per/qspi.h ****         Indirect Polling mode: Device driver enabled. 
  73:../../Documents/Daisy/DaisyExamples/libdaisy//src/per/qspi.h ****         */
  74:../../Documents/Daisy/DaisyExamples/libdaisy//src/per/qspi.h ****         enum Mode
  75:../../Documents/Daisy/DaisyExamples/libdaisy//src/per/qspi.h ****         {
  76:../../Documents/Daisy/DaisyExamples/libdaisy//src/per/qspi.h ****             MEMORY_MAPPED,    /**< & */
  77:../../Documents/Daisy/DaisyExamples/libdaisy//src/per/qspi.h ****             INDIRECT_POLLING, /**< & */
  78:../../Documents/Daisy/DaisyExamples/libdaisy//src/per/qspi.h ****             MODE_LAST,
  79:../../Documents/Daisy/DaisyExamples/libdaisy//src/per/qspi.h ****         };
  80:../../Documents/Daisy/DaisyExamples/libdaisy//src/per/qspi.h **** 
  81:../../Documents/Daisy/DaisyExamples/libdaisy//src/per/qspi.h ****         //SCK,  CE# (active low)
  82:../../Documents/Daisy/DaisyExamples/libdaisy//src/per/qspi.h ****         struct
  83:../../Documents/Daisy/DaisyExamples/libdaisy//src/per/qspi.h ****         {
  84:../../Documents/Daisy/DaisyExamples/libdaisy//src/per/qspi.h ****             dsy_gpio_pin io0; /**< & */
ARM GAS  /var/folders/j4/zsgv5hks61j070b3g480n1j40000gn/T//ccotP3Mq.s 			page 17


  85:../../Documents/Daisy/DaisyExamples/libdaisy//src/per/qspi.h ****             dsy_gpio_pin io1; /**< & */
  86:../../Documents/Daisy/DaisyExamples/libdaisy//src/per/qspi.h ****             dsy_gpio_pin io2; /**< & */
  87:../../Documents/Daisy/DaisyExamples/libdaisy//src/per/qspi.h ****             dsy_gpio_pin io3; /**< & */
  88:../../Documents/Daisy/DaisyExamples/libdaisy//src/per/qspi.h ****             dsy_gpio_pin clk; /**< & */
  89:../../Documents/Daisy/DaisyExamples/libdaisy//src/per/qspi.h ****             dsy_gpio_pin ncs; /**< & */
  90:../../Documents/Daisy/DaisyExamples/libdaisy//src/per/qspi.h ****         } pin_config;
  91:../../Documents/Daisy/DaisyExamples/libdaisy//src/per/qspi.h **** 
  92:../../Documents/Daisy/DaisyExamples/libdaisy//src/per/qspi.h ****         Device device;
  93:../../Documents/Daisy/DaisyExamples/libdaisy//src/per/qspi.h ****         Mode   mode;
  94:../../Documents/Daisy/DaisyExamples/libdaisy//src/per/qspi.h ****     };
  95:../../Documents/Daisy/DaisyExamples/libdaisy//src/per/qspi.h **** 
  96:../../Documents/Daisy/DaisyExamples/libdaisy//src/per/qspi.h ****     /** 
  97:../../Documents/Daisy/DaisyExamples/libdaisy//src/per/qspi.h ****         Initializes QSPI peripheral, and Resets, and prepares memory for access.
  98:../../Documents/Daisy/DaisyExamples/libdaisy//src/per/qspi.h ****         \param config should be populated with the mode, device and pin_config before calling this 
  99:../../Documents/Daisy/DaisyExamples/libdaisy//src/per/qspi.h ****         \return Result::OK or Result::ERR
 100:../../Documents/Daisy/DaisyExamples/libdaisy//src/per/qspi.h ****         */
 101:../../Documents/Daisy/DaisyExamples/libdaisy//src/per/qspi.h ****     Result Init(const Config& config);
 102:../../Documents/Daisy/DaisyExamples/libdaisy//src/per/qspi.h **** 
 103:../../Documents/Daisy/DaisyExamples/libdaisy//src/per/qspi.h ****     /** Returns the current config. */
 104:../../Documents/Daisy/DaisyExamples/libdaisy//src/per/qspi.h ****     const Config& GetConfig() const;
 105:../../Documents/Daisy/DaisyExamples/libdaisy//src/per/qspi.h **** 
 106:../../Documents/Daisy/DaisyExamples/libdaisy//src/per/qspi.h ****     // Couldn't this just be called before anything else in init? That
 107:../../Documents/Daisy/DaisyExamples/libdaisy//src/per/qspi.h ****     // would make manually calling it unnecessary.
 108:../../Documents/Daisy/DaisyExamples/libdaisy//src/per/qspi.h ****     /** 
 109:../../Documents/Daisy/DaisyExamples/libdaisy//src/per/qspi.h ****         Deinitializes the peripheral
 110:../../Documents/Daisy/DaisyExamples/libdaisy//src/per/qspi.h ****         This should be called before reinitializing QSPI in a different mode.
 111:../../Documents/Daisy/DaisyExamples/libdaisy//src/per/qspi.h ****         \return Result::OK or Result::ERR
 112:../../Documents/Daisy/DaisyExamples/libdaisy//src/per/qspi.h ****         */
 113:../../Documents/Daisy/DaisyExamples/libdaisy//src/per/qspi.h ****     Result DeInit();
 114:../../Documents/Daisy/DaisyExamples/libdaisy//src/per/qspi.h **** 
 115:../../Documents/Daisy/DaisyExamples/libdaisy//src/per/qspi.h ****     /** 
 116:../../Documents/Daisy/DaisyExamples/libdaisy//src/per/qspi.h ****         Writes a single page to to the specified address on the QSPI chip.
 117:../../Documents/Daisy/DaisyExamples/libdaisy//src/per/qspi.h ****         For IS25LP*, page size is 256 bytes.
 118:../../Documents/Daisy/DaisyExamples/libdaisy//src/per/qspi.h ****         \param address Address to write to
 119:../../Documents/Daisy/DaisyExamples/libdaisy//src/per/qspi.h ****         \param size Buffer size
 120:../../Documents/Daisy/DaisyExamples/libdaisy//src/per/qspi.h ****         \param buffer Buffer to write
 121:../../Documents/Daisy/DaisyExamples/libdaisy//src/per/qspi.h ****         \return Result::OK or Result::ERR
 122:../../Documents/Daisy/DaisyExamples/libdaisy//src/per/qspi.h ****         */
 123:../../Documents/Daisy/DaisyExamples/libdaisy//src/per/qspi.h ****     Result WritePage(uint32_t address, uint32_t size, uint8_t* buffer);
 124:../../Documents/Daisy/DaisyExamples/libdaisy//src/per/qspi.h **** 
 125:../../Documents/Daisy/DaisyExamples/libdaisy//src/per/qspi.h ****     /** 
 126:../../Documents/Daisy/DaisyExamples/libdaisy//src/per/qspi.h ****         Writes data in buffer to to the QSPI. Starting at address to address+size 
 127:../../Documents/Daisy/DaisyExamples/libdaisy//src/per/qspi.h ****         \param address Address to write to
 128:../../Documents/Daisy/DaisyExamples/libdaisy//src/per/qspi.h ****         \param size Buffer size
 129:../../Documents/Daisy/DaisyExamples/libdaisy//src/per/qspi.h ****         \param buffer Buffer to write
 130:../../Documents/Daisy/DaisyExamples/libdaisy//src/per/qspi.h ****         \return Result::OK or Result::ERR
 131:../../Documents/Daisy/DaisyExamples/libdaisy//src/per/qspi.h ****         */
 132:../../Documents/Daisy/DaisyExamples/libdaisy//src/per/qspi.h ****     Result Write(uint32_t address, uint32_t size, uint8_t* buffer);
 133:../../Documents/Daisy/DaisyExamples/libdaisy//src/per/qspi.h **** 
 134:../../Documents/Daisy/DaisyExamples/libdaisy//src/per/qspi.h ****     /** 
 135:../../Documents/Daisy/DaisyExamples/libdaisy//src/per/qspi.h ****         Erases the area specified on the chip.
 136:../../Documents/Daisy/DaisyExamples/libdaisy//src/per/qspi.h ****         Erasures will happen by 4K, 32K or 64K increments.
 137:../../Documents/Daisy/DaisyExamples/libdaisy//src/per/qspi.h ****         Smallest erase possible is 4kB at a time. (on IS25LP*)
 138:../../Documents/Daisy/DaisyExamples/libdaisy//src/per/qspi.h ****         \param start_addr Address to begin erasing from
 139:../../Documents/Daisy/DaisyExamples/libdaisy//src/per/qspi.h ****         \param end_addr  Address to stop erasing at
 140:../../Documents/Daisy/DaisyExamples/libdaisy//src/per/qspi.h ****         \return Result::OK or Result::ERR
 141:../../Documents/Daisy/DaisyExamples/libdaisy//src/per/qspi.h ****         */
ARM GAS  /var/folders/j4/zsgv5hks61j070b3g480n1j40000gn/T//ccotP3Mq.s 			page 18


 142:../../Documents/Daisy/DaisyExamples/libdaisy//src/per/qspi.h ****     Result Erase(uint32_t start_addr, uint32_t end_addr);
 143:../../Documents/Daisy/DaisyExamples/libdaisy//src/per/qspi.h **** 
 144:../../Documents/Daisy/DaisyExamples/libdaisy//src/per/qspi.h ****     /**  
 145:../../Documents/Daisy/DaisyExamples/libdaisy//src/per/qspi.h ****          Erases a single sector of the chip.  
 146:../../Documents/Daisy/DaisyExamples/libdaisy//src/per/qspi.h ****         TODO: Document the size of this function. 
 147:../../Documents/Daisy/DaisyExamples/libdaisy//src/per/qspi.h ****         \param addr Address of sector to erase
 148:../../Documents/Daisy/DaisyExamples/libdaisy//src/per/qspi.h ****         \return Result::OK or Result::ERR
 149:../../Documents/Daisy/DaisyExamples/libdaisy//src/per/qspi.h ****         */
 150:../../Documents/Daisy/DaisyExamples/libdaisy//src/per/qspi.h ****     Result EraseSector(uint32_t address);
 151:../../Documents/Daisy/DaisyExamples/libdaisy//src/per/qspi.h **** 
 152:../../Documents/Daisy/DaisyExamples/libdaisy//src/per/qspi.h ****     /** Returns the current class status. Useful for debugging.
 153:../../Documents/Daisy/DaisyExamples/libdaisy//src/per/qspi.h ****      *  \returns Status
 154:../../Documents/Daisy/DaisyExamples/libdaisy//src/per/qspi.h ****      */
 155:../../Documents/Daisy/DaisyExamples/libdaisy//src/per/qspi.h ****     Status GetStatus();
 156:../../Documents/Daisy/DaisyExamples/libdaisy//src/per/qspi.h **** 
 157:../../Documents/Daisy/DaisyExamples/libdaisy//src/per/qspi.h ****     /** Returns a pointer to the actual memory used 
 158:../../Documents/Daisy/DaisyExamples/libdaisy//src/per/qspi.h ****      *  The memory at this address is read-only
 159:../../Documents/Daisy/DaisyExamples/libdaisy//src/per/qspi.h ****      *  to write to it use the Write function.
 160:../../Documents/Daisy/DaisyExamples/libdaisy//src/per/qspi.h ****      * 
 161:../../Documents/Daisy/DaisyExamples/libdaisy//src/per/qspi.h ****      *  \param offset returns the pointer starting this 
 162:../../Documents/Daisy/DaisyExamples/libdaisy//src/per/qspi.h ****      *                many bytes into the memory
 163:../../Documents/Daisy/DaisyExamples/libdaisy//src/per/qspi.h ****     */
 164:../../Documents/Daisy/DaisyExamples/libdaisy//src/per/qspi.h ****     void* GetData(uint32_t offset = 0);
 165:../../Documents/Daisy/DaisyExamples/libdaisy//src/per/qspi.h **** 
 166:../../Documents/Daisy/DaisyExamples/libdaisy//src/per/qspi.h ****     QSPIHandle() : pimpl_(nullptr) {}
 395              		.loc 8 166 5 view .LVU102
 396              	.LBE133:
 397              	.LBE132:
 398              	.LBE131:
 399              	.LBE130:
 400              	.LBE129:
 401              		.loc 7 37 1 is_stmt 0 view .LVU103
 402 0000 08B5     		push	{r3, lr}
 403              		.cfi_def_cfa_offset 8
 404              		.cfi_offset 3, -8
 405              		.cfi_offset 14, -4
 406              	.LBB156:
 407              	.LBB154:
 408              	.LBB151:
 409              	.LBB149:
 410              	.LBB138:
 411              	.LBB134:
 412              	.LBB135:
 413              		.loc 8 166 34 view .LVU104
 414 0002 0848     		ldr	r0, .L24
 415 0004 0023     		movs	r3, #0
 416              	.LBE135:
 417              	.LBE134:
 418              	.LBE138:
 419              	.LBE149:
 420              	.LBE151:
   7:DaisyDrone.cpp **** 
 421              		.loc 7 7 11 view .LVU105
 422 0006 084A     		ldr	r2, .L24+4
 423 0008 0849     		ldr	r1, .L24+8
 424              	.LBB152:
 425              	.LBB150:
ARM GAS  /var/folders/j4/zsgv5hks61j070b3g480n1j40000gn/T//ccotP3Mq.s 			page 19


 426              	.LBB139:
 427              	.LBB137:
 428              	.LBB136:
 429              		.loc 8 166 34 view .LVU106
 430 000a 0360     		str	r3, [r0]
 431              	.LVL22:
 432              		.loc 8 166 34 view .LVU107
 433              	.LBE136:
 434              	.LBE137:
 435              	.LBE139:
 436              	.LBB140:
 437              	.LBI140:
  62:../../Documents/Daisy/DaisyExamples/libdaisy//src/hid/audio.h ****     ~AudioHandle() {}
 438              		.loc 5 62 5 is_stmt 1 view .LVU108
 439              	.LBB141:
 440              	.LBB142:
  62:../../Documents/Daisy/DaisyExamples/libdaisy//src/hid/audio.h ****     ~AudioHandle() {}
 441              		.loc 5 62 35 is_stmt 0 view .LVU109
 442 000c 4361     		str	r3, [r0, #20]
 443              	.LVL23:
  62:../../Documents/Daisy/DaisyExamples/libdaisy//src/hid/audio.h ****     ~AudioHandle() {}
 444              		.loc 5 62 35 view .LVU110
 445              	.LBE142:
 446              	.LBE141:
 447              	.LBE140:
 448              	.LBB143:
 449              	.LBI143:
  84:../../Documents/Daisy/DaisyExamples/libdaisy//src/per/adc.h ****     ~AdcHandle() {}
 450              		.loc 4 84 5 is_stmt 1 view .LVU111
  84:../../Documents/Daisy/DaisyExamples/libdaisy//src/per/adc.h ****     ~AdcHandle() {}
 451              		.loc 4 84 5 is_stmt 0 view .LVU112
 452              	.LBE143:
 453              	.LBB144:
 454              	.LBI144:
 455              		.file 9 "../../Documents/Daisy/DaisyExamples/libdaisy//src/per/dac.h"
   1:../../Documents/Daisy/DaisyExamples/libdaisy//src/per/dac.h **** #pragma once
   2:../../Documents/Daisy/DaisyExamples/libdaisy//src/per/dac.h **** #ifndef DSY_DAC_H
   3:../../Documents/Daisy/DaisyExamples/libdaisy//src/per/dac.h **** #define DSY_DAC_H
   4:../../Documents/Daisy/DaisyExamples/libdaisy//src/per/dac.h **** 
   5:../../Documents/Daisy/DaisyExamples/libdaisy//src/per/dac.h **** #include "daisy_core.h"
   6:../../Documents/Daisy/DaisyExamples/libdaisy//src/per/dac.h **** 
   7:../../Documents/Daisy/DaisyExamples/libdaisy//src/per/dac.h **** namespace daisy
   8:../../Documents/Daisy/DaisyExamples/libdaisy//src/per/dac.h **** {
   9:../../Documents/Daisy/DaisyExamples/libdaisy//src/per/dac.h **** /** DAC handle for Built-in DAC Peripheral 
  10:../../Documents/Daisy/DaisyExamples/libdaisy//src/per/dac.h ****  ** 
  11:../../Documents/Daisy/DaisyExamples/libdaisy//src/per/dac.h ****  ** For now only Normal Mode is supported,
  12:../../Documents/Daisy/DaisyExamples/libdaisy//src/per/dac.h ****  ** Sample and hold mode provides reduced power consumption, but requires a bit more setup.
  13:../../Documents/Daisy/DaisyExamples/libdaisy//src/per/dac.h ****  **
  14:../../Documents/Daisy/DaisyExamples/libdaisy//src/per/dac.h ****  ** For now connecting the DAC through other internal periphearls is also not supported.
  15:../../Documents/Daisy/DaisyExamples/libdaisy//src/per/dac.h ****  **
  16:../../Documents/Daisy/DaisyExamples/libdaisy//src/per/dac.h ****  ** Since the DAC channels have dedicated pins we don't need to pass in a pin config like with
  17:../../Documents/Daisy/DaisyExamples/libdaisy//src/per/dac.h ****  ** other modules. However, it is still important to not try to use the DAC pins for anything else.
  18:../../Documents/Daisy/DaisyExamples/libdaisy//src/per/dac.h ****  ** DAC Channel 1 is on PA4, and DAC Channel 2 is on PA5
  19:../../Documents/Daisy/DaisyExamples/libdaisy//src/per/dac.h ****  ***/
  20:../../Documents/Daisy/DaisyExamples/libdaisy//src/per/dac.h **** class DacHandle
  21:../../Documents/Daisy/DaisyExamples/libdaisy//src/per/dac.h **** {
  22:../../Documents/Daisy/DaisyExamples/libdaisy//src/per/dac.h ****   public:
ARM GAS  /var/folders/j4/zsgv5hks61j070b3g480n1j40000gn/T//ccotP3Mq.s 			page 20


  23:../../Documents/Daisy/DaisyExamples/libdaisy//src/per/dac.h ****     /** Return Values for the DacHandle class */
  24:../../Documents/Daisy/DaisyExamples/libdaisy//src/per/dac.h ****     enum class Result
  25:../../Documents/Daisy/DaisyExamples/libdaisy//src/per/dac.h ****     {
  26:../../Documents/Daisy/DaisyExamples/libdaisy//src/per/dac.h ****         OK,
  27:../../Documents/Daisy/DaisyExamples/libdaisy//src/per/dac.h ****         ERR,
  28:../../Documents/Daisy/DaisyExamples/libdaisy//src/per/dac.h ****     };
  29:../../Documents/Daisy/DaisyExamples/libdaisy//src/per/dac.h **** 
  30:../../Documents/Daisy/DaisyExamples/libdaisy//src/per/dac.h ****     /** Selects which channel(s) will be configured for use. */
  31:../../Documents/Daisy/DaisyExamples/libdaisy//src/per/dac.h ****     enum class Channel
  32:../../Documents/Daisy/DaisyExamples/libdaisy//src/per/dac.h ****     {
  33:../../Documents/Daisy/DaisyExamples/libdaisy//src/per/dac.h ****         ONE,
  34:../../Documents/Daisy/DaisyExamples/libdaisy//src/per/dac.h ****         TWO,
  35:../../Documents/Daisy/DaisyExamples/libdaisy//src/per/dac.h ****         BOTH,
  36:../../Documents/Daisy/DaisyExamples/libdaisy//src/per/dac.h ****     };
  37:../../Documents/Daisy/DaisyExamples/libdaisy//src/per/dac.h **** 
  38:../../Documents/Daisy/DaisyExamples/libdaisy//src/per/dac.h ****     /** Sets the Mode for the DAC channels.
  39:../../Documents/Daisy/DaisyExamples/libdaisy//src/per/dac.h ****      **
  40:../../Documents/Daisy/DaisyExamples/libdaisy//src/per/dac.h ****      ** Polling mode uses the blocking mode to transmit a single value at a time.
  41:../../Documents/Daisy/DaisyExamples/libdaisy//src/per/dac.h ****      **
  42:../../Documents/Daisy/DaisyExamples/libdaisy//src/per/dac.h ****      ** DMA mode uses a buffer, and periodically transmits it triggering a 
  43:../../Documents/Daisy/DaisyExamples/libdaisy//src/per/dac.h ****      ** callback to fill the buffer when it is ready for more samples.
  44:../../Documents/Daisy/DaisyExamples/libdaisy//src/per/dac.h ****      ***/
  45:../../Documents/Daisy/DaisyExamples/libdaisy//src/per/dac.h ****     enum class Mode
  46:../../Documents/Daisy/DaisyExamples/libdaisy//src/per/dac.h ****     {
  47:../../Documents/Daisy/DaisyExamples/libdaisy//src/per/dac.h ****         POLLING,
  48:../../Documents/Daisy/DaisyExamples/libdaisy//src/per/dac.h ****         DMA,
  49:../../Documents/Daisy/DaisyExamples/libdaisy//src/per/dac.h ****     };
  50:../../Documents/Daisy/DaisyExamples/libdaisy//src/per/dac.h **** 
  51:../../Documents/Daisy/DaisyExamples/libdaisy//src/per/dac.h ****     /** Sets the number of bits per sample transmitted out of the DAC.
  52:../../Documents/Daisy/DaisyExamples/libdaisy//src/per/dac.h ****      ** The output range will be: 0V - VDDA
  53:../../Documents/Daisy/DaisyExamples/libdaisy//src/per/dac.h ****      ** The resolution will be roughly: bitdepth / (VDDA - 0V) 
  54:../../Documents/Daisy/DaisyExamples/libdaisy//src/per/dac.h ****      ***/
  55:../../Documents/Daisy/DaisyExamples/libdaisy//src/per/dac.h ****     enum class BitDepth
  56:../../Documents/Daisy/DaisyExamples/libdaisy//src/per/dac.h ****     {
  57:../../Documents/Daisy/DaisyExamples/libdaisy//src/per/dac.h ****         BITS_8,
  58:../../Documents/Daisy/DaisyExamples/libdaisy//src/per/dac.h ****         BITS_12
  59:../../Documents/Daisy/DaisyExamples/libdaisy//src/per/dac.h ****     };
  60:../../Documents/Daisy/DaisyExamples/libdaisy//src/per/dac.h **** 
  61:../../Documents/Daisy/DaisyExamples/libdaisy//src/per/dac.h ****     /** Sets whether the DAC output is buffered for higher drive ability. */
  62:../../Documents/Daisy/DaisyExamples/libdaisy//src/per/dac.h ****     enum class BufferState
  63:../../Documents/Daisy/DaisyExamples/libdaisy//src/per/dac.h ****     {
  64:../../Documents/Daisy/DaisyExamples/libdaisy//src/per/dac.h ****         ENABLED,
  65:../../Documents/Daisy/DaisyExamples/libdaisy//src/per/dac.h ****         DISABLED,
  66:../../Documents/Daisy/DaisyExamples/libdaisy//src/per/dac.h ****     };
  67:../../Documents/Daisy/DaisyExamples/libdaisy//src/per/dac.h **** 
  68:../../Documents/Daisy/DaisyExamples/libdaisy//src/per/dac.h ****     /** Configuration structure for initializing the DAC structure. */
  69:../../Documents/Daisy/DaisyExamples/libdaisy//src/per/dac.h ****     struct Config
  70:../../Documents/Daisy/DaisyExamples/libdaisy//src/per/dac.h ****     {
  71:../../Documents/Daisy/DaisyExamples/libdaisy//src/per/dac.h ****         /** Target Samplerate in Hz used to configure the internal 
  72:../../Documents/Daisy/DaisyExamples/libdaisy//src/per/dac.h ****          ** timebase for DMA mode. Does nothing in POLLING mode.
  73:../../Documents/Daisy/DaisyExamples/libdaisy//src/per/dac.h ****          ** If the value is 0 at Init time this will default to 48000Hz 
  74:../../Documents/Daisy/DaisyExamples/libdaisy//src/per/dac.h ****          ** otherwise the driver will attempt meet the target.*/
  75:../../Documents/Daisy/DaisyExamples/libdaisy//src/per/dac.h ****         uint32_t target_samplerate;
  76:../../Documents/Daisy/DaisyExamples/libdaisy//src/per/dac.h **** 
  77:../../Documents/Daisy/DaisyExamples/libdaisy//src/per/dac.h ****         Channel     chn;
  78:../../Documents/Daisy/DaisyExamples/libdaisy//src/per/dac.h ****         Mode        mode;
  79:../../Documents/Daisy/DaisyExamples/libdaisy//src/per/dac.h ****         BitDepth    bitdepth;
ARM GAS  /var/folders/j4/zsgv5hks61j070b3g480n1j40000gn/T//ccotP3Mq.s 			page 21


  80:../../Documents/Daisy/DaisyExamples/libdaisy//src/per/dac.h ****         BufferState buff_state;
  81:../../Documents/Daisy/DaisyExamples/libdaisy//src/per/dac.h ****     };
  82:../../Documents/Daisy/DaisyExamples/libdaisy//src/per/dac.h **** 
  83:../../Documents/Daisy/DaisyExamples/libdaisy//src/per/dac.h ****     DacHandle() : pimpl_(nullptr) {}
 456              		.loc 9 83 5 is_stmt 1 view .LVU113
 457              	.LBB145:
 458              	.LBB146:
 459              		.loc 9 83 33 is_stmt 0 view .LVU114
 460 000e 0362     		str	r3, [r0, #32]
 461              	.LVL24:
 462              		.loc 9 83 33 view .LVU115
 463              	.LBE146:
 464              	.LBE145:
 465              	.LBE144:
 466              	.LBB147:
 467              	.LBI147:
  40:../../Documents/Daisy/DaisyExamples/libdaisy//src/hid/usb.h **** 
 468              		.loc 3 40 5 is_stmt 1 view .LVU116
  40:../../Documents/Daisy/DaisyExamples/libdaisy//src/hid/usb.h **** 
 469              		.loc 3 40 5 is_stmt 0 view .LVU117
 470              	.LBE147:
 471              	.LBB148:
 472              	.LBI148:
  77:../../Documents/Daisy/DaisyExamples/libdaisy//src/sys/system.h ****     ~System() {}
 473              		.loc 2 77 5 is_stmt 1 view .LVU118
  77:../../Documents/Daisy/DaisyExamples/libdaisy//src/sys/system.h ****     ~System() {}
 474              		.loc 2 77 5 is_stmt 0 view .LVU119
 475              	.LBE148:
 476              	.LBE150:
 477              	.LBE152:
   7:DaisyDrone.cpp **** 
 478              		.loc 7 7 11 view .LVU120
 479 0010 FFF7FEFF 		bl	__aeabi_atexit
 480              	.LVL25:
 481              	.LBB153:
 482              	.LBI153:
  15:../../Documents/Daisy/DaisyExamples/daisysp//Source/Synthesis/oscillator.h ****     ~Oscillator() {}
 483              		.loc 6 15 5 is_stmt 1 view .LVU121
  15:../../Documents/Daisy/DaisyExamples/daisysp//Source/Synthesis/oscillator.h ****     ~Oscillator() {}
 484              		.loc 6 15 5 is_stmt 0 view .LVU122
 485              	.LBE153:
   9:DaisyDrone.cpp **** 
 486              		.loc 7 9 12 view .LVU123
 487 0014 044A     		ldr	r2, .L24+4
 488 0016 0649     		ldr	r1, .L24+12
 489 0018 0648     		ldr	r0, .L24+16
 490              	.LBE154:
 491              	.LBE156:
 492              		.loc 7 37 1 view .LVU124
 493 001a BDE80840 		pop	{r3, lr}
 494              		.cfi_restore 14
 495              		.cfi_restore 3
 496              		.cfi_def_cfa_offset 0
 497              	.LBB157:
 498              	.LBB155:
   9:DaisyDrone.cpp **** 
 499              		.loc 7 9 12 view .LVU125
ARM GAS  /var/folders/j4/zsgv5hks61j070b3g480n1j40000gn/T//ccotP3Mq.s 			page 22


 500 001e FFF7FEBF 		b	__aeabi_atexit
 501              	.LVL26:
 502              	.L25:
 503 0022 00BF     		.align	2
 504              	.L24:
 505 0024 00000000 		.word	.LANCHOR1
 506 0028 00000000 		.word	__dso_handle
 507 002c 00000000 		.word	_ZN5daisy9DaisySeedD1Ev
 508 0030 00000000 		.word	_ZN7daisysp10OscillatorD1Ev
 509 0034 00000000 		.word	.LANCHOR0
 510              	.LBE155:
 511              	.LBE157:
 512              		.cfi_endproc
 513              	.LFE4826:
 515              		.section	.init_array,"aw",%init_array
 516              		.align	2
 517 0000 00000000 		.word	_GLOBAL__sub_I_hw(target1)
 518              		.global	osc
 519              		.global	hw
 520              		.section	.bss.hw,"aw",%nobits
 521              		.align	2
 522              		.set	.LANCHOR1,. + 0
 525              	hw:
 526 0000 00000000 		.space	60
 526      00000000 
 526      00000000 
 526      00000000 
 526      00000000 
 527              		.section	.bss.osc,"aw",%nobits
 528              		.align	2
 529              		.set	.LANCHOR0,. + 0
 532              	osc:
 533 0000 00000000 		.space	40
 533      00000000 
 533      00000000 
 533      00000000 
 533      00000000 
 534              		.text
 535              	.Letext0:
 536              		.file 10 "/Applications/ARM/arm-none-eabi/include/machine/_default_types.h"
 537              		.file 11 "/Applications/ARM/arm-none-eabi/include/sys/_stdint.h"
 538              		.file 12 "/Applications/ARM/arm-none-eabi/include/stdint.h"
 539              		.file 13 "/Applications/ARM/lib/gcc/arm-none-eabi/10.3.1/include/stddef.h"
 540              		.file 14 "/Applications/ARM/arm-none-eabi/include/c++/10.3.1/cmath"
 541              		.file 15 "/Applications/ARM/arm-none-eabi/include/c++/10.3.1/bits/std_abs.h"
 542              		.file 16 "/Applications/ARM/arm-none-eabi/include/c++/10.3.1/cstdlib"
 543              		.file 17 "/Applications/ARM/arm-none-eabi/include/c++/10.3.1/cstdint"
 544              		.file 18 "/Applications/ARM/arm-none-eabi/include/c++/10.3.1/type_traits"
 545              		.file 19 "/Applications/ARM/arm-none-eabi/include/c++/10.3.1/debug/debug.h"
 546              		.file 20 "/Applications/ARM/arm-none-eabi/include/c++/10.3.1/arm-none-eabi/thumb/v7e-m+dp/hard/bit
 547              		.file 21 "/Applications/ARM/arm-none-eabi/include/c++/10.3.1/bits/algorithmfwd.h"
 548              		.file 22 "/Applications/ARM/arm-none-eabi/include/c++/10.3.1/bits/stl_pair.h"
 549              		.file 23 "/Applications/ARM/arm-none-eabi/include/c++/10.3.1/bits/exception_ptr.h"
 550              		.file 24 "/Applications/ARM/arm-none-eabi/include/c++/10.3.1/cstdarg"
 551              		.file 25 "/Applications/ARM/arm-none-eabi/include/c++/10.3.1/cstdio"
 552              		.file 26 "/Applications/ARM/arm-none-eabi/include/c++/10.3.1/cwchar"
 553              		.file 27 "/Applications/ARM/arm-none-eabi/include/c++/10.3.1/clocale"
ARM GAS  /var/folders/j4/zsgv5hks61j070b3g480n1j40000gn/T//ccotP3Mq.s 			page 23


 554              		.file 28 "/Applications/ARM/arm-none-eabi/include/c++/10.3.1/bits/basic_string.h"
 555              		.file 29 "/Applications/ARM/arm-none-eabi/include/c++/10.3.1/bits/stl_iterator.h"
 556              		.file 30 "/Applications/ARM/arm-none-eabi/include/c++/10.3.1/cstring"
 557              		.file 31 "/Applications/ARM/arm-none-eabi/include/c++/10.3.1/bits/predefined_ops.h"
 558              		.file 32 "/Applications/ARM/arm-none-eabi/include/sys/_types.h"
 559              		.file 33 "/Applications/ARM/arm-none-eabi/include/sys/reent.h"
 560              		.file 34 "/Applications/ARM/arm-none-eabi/include/sys/lock.h"
 561              		.file 35 "/Applications/ARM/arm-none-eabi/include/math.h"
 562              		.file 36 "/Applications/ARM/arm-none-eabi/include/stdlib.h"
 563              		.file 37 "/Applications/ARM/arm-none-eabi/include/c++/10.3.1/math.h"
 564              		.file 38 "/Applications/ARM/arm-none-eabi/include/c++/10.3.1/stdlib.h"
 565              		.file 39 "../../Documents/Daisy/DaisyExamples/libdaisy//src/daisy_core.h"
 566              		.file 40 "../../Documents/Daisy/DaisyExamples/libdaisy//src/per/tim.h"
 567              		.file 41 "../../Documents/Daisy/DaisyExamples/libdaisy//src/per/sai.h"
 568              		.file 42 "../../Documents/Daisy/DaisyExamples/libdaisy//src/util/wav_format.h"
 569              		.file 43 "../../Documents/Daisy/DaisyExamples/libdaisy//src/per/gpio.h"
 570              		.file 44 "../../Documents/Daisy/DaisyExamples/libdaisy//src/dev/sdram.h"
 571              		.file 45 "/Applications/ARM/lib/gcc/arm-none-eabi/10.3.1/include/stdarg.h"
 572              		.file 46 "/Applications/ARM/arm-none-eabi/include/stdio.h"
 573              		.file 47 "../../Documents/Daisy/DaisyExamples/daisysp//Source/Control/adenv.h"
 574              		.file 48 "../../Documents/Daisy/DaisyExamples/daisysp//Source/Utility/dsp.h"
 575              		.file 49 "/Applications/ARM/arm-none-eabi/include/wchar.h"
 576              		.file 50 "/Applications/ARM/arm-none-eabi/include/locale.h"
 577              		.file 51 "/Applications/ARM/arm-none-eabi/include/string.h"
 578              		.file 52 "<built-in>"
 579              		.file 53 "../../Documents/Daisy/DaisyExamples/libdaisy//src/dev/sr_595.h"
ARM GAS  /var/folders/j4/zsgv5hks61j070b3g480n1j40000gn/T//ccotP3Mq.s 			page 24


DEFINED SYMBOLS
                            *ABS*:0000000000000000 DaisyDrone.cpp
/var/folders/j4/zsgv5hks61j070b3g480n1j40000gn/T//ccotP3Mq.s:19     .text._ZN5daisy9DaisySeedD2Ev:0000000000000000 $t
/var/folders/j4/zsgv5hks61j070b3g480n1j40000gn/T//ccotP3Mq.s:26     .text._ZN5daisy9DaisySeedD2Ev:0000000000000000 _ZN5daisy9DaisySeedD2Ev
/var/folders/j4/zsgv5hks61j070b3g480n1j40000gn/T//ccotP3Mq.s:26     .text._ZN5daisy9DaisySeedD2Ev:0000000000000000 _ZN5daisy9DaisySeedD1Ev
/var/folders/j4/zsgv5hks61j070b3g480n1j40000gn/T//ccotP3Mq.s:67     .text._ZN7daisysp10OscillatorD2Ev:0000000000000000 $t
/var/folders/j4/zsgv5hks61j070b3g480n1j40000gn/T//ccotP3Mq.s:74     .text._ZN7daisysp10OscillatorD2Ev:0000000000000000 _ZN7daisysp10OscillatorD2Ev
/var/folders/j4/zsgv5hks61j070b3g480n1j40000gn/T//ccotP3Mq.s:74     .text._ZN7daisysp10OscillatorD2Ev:0000000000000000 _ZN7daisysp10OscillatorD1Ev
/var/folders/j4/zsgv5hks61j070b3g480n1j40000gn/T//ccotP3Mq.s:91     .text._Z13AudioCallbackPKPKfPPfj:0000000000000000 $t
/var/folders/j4/zsgv5hks61j070b3g480n1j40000gn/T//ccotP3Mq.s:98     .text._Z13AudioCallbackPKPKfPPfj:0000000000000000 _Z13AudioCallbackPKPKfPPfj
/var/folders/j4/zsgv5hks61j070b3g480n1j40000gn/T//ccotP3Mq.s:173    .text._Z13AudioCallbackPKPKfPPfj:0000000000000030 $d
/var/folders/j4/zsgv5hks61j070b3g480n1j40000gn/T//ccotP3Mq.s:178    .text.startup.main:0000000000000000 $t
/var/folders/j4/zsgv5hks61j070b3g480n1j40000gn/T//ccotP3Mq.s:185    .text.startup.main:0000000000000000 main
/var/folders/j4/zsgv5hks61j070b3g480n1j40000gn/T//ccotP3Mq.s:362    .text.startup.main:0000000000000080 $d
/var/folders/j4/zsgv5hks61j070b3g480n1j40000gn/T//ccotP3Mq.s:371    .text.startup._GLOBAL__sub_I_hw:0000000000000000 $t
/var/folders/j4/zsgv5hks61j070b3g480n1j40000gn/T//ccotP3Mq.s:377    .text.startup._GLOBAL__sub_I_hw:0000000000000000 _GLOBAL__sub_I_hw
/var/folders/j4/zsgv5hks61j070b3g480n1j40000gn/T//ccotP3Mq.s:505    .text.startup._GLOBAL__sub_I_hw:0000000000000024 $d
/var/folders/j4/zsgv5hks61j070b3g480n1j40000gn/T//ccotP3Mq.s:516    .init_array:0000000000000000 $d
/var/folders/j4/zsgv5hks61j070b3g480n1j40000gn/T//ccotP3Mq.s:532    .bss.osc:0000000000000000 osc
/var/folders/j4/zsgv5hks61j070b3g480n1j40000gn/T//ccotP3Mq.s:525    .bss.hw:0000000000000000 hw
/var/folders/j4/zsgv5hks61j070b3g480n1j40000gn/T//ccotP3Mq.s:521    .bss.hw:0000000000000000 $d
/var/folders/j4/zsgv5hks61j070b3g480n1j40000gn/T//ccotP3Mq.s:528    .bss.osc:0000000000000000 $d
                           .group:0000000000000000 _ZN5daisy9DaisySeedD5Ev
                           .group:0000000000000000 _ZN7daisysp10OscillatorD5Ev

UNDEFINED SYMBOLS
_ZN7daisysp10Oscillator7ProcessEv
_ZN5daisy9DaisySeed9ConfigureEv
_ZN5daisy9DaisySeed4InitEb
_ZN5daisy9DaisySeed10StartAudioEPFvPKPKfPPfjE
_ZN5daisy9DaisySeed15AudioSampleRateEv
_ZN7daisysp10Oscillator12CalcPhaseIncEf
__aeabi_atexit
__dso_handle
